[2026-04-18 12:13:19] Starting manual mail system test...
[2026-04-18 12:13:19] SMTP: Connecting to smtp.gmail.com:587...
[2026-04-18 12:13:20] SMTP << 220 smtp.gmail.com ESMTP 98e67ed59e1d1-3614371a7c8sm4437049a91.5 - gsmtp
[2026-04-18 12:13:20] SMTP >> EHLO localhost
[2026-04-18 12:13:21] SMTP << 250-smtp.gmail.com at your service, [49.43.168.168]
250-SIZE 35882577
250-8BITMIME
250-STARTTLS
250-ENHANCEDSTATUSCODES
250-PIPELINING
250-CHUNKING
250 SMTPUTF8
[2026-04-18 12:13:21] SMTP >> STARTTLS
[2026-04-18 12:13:21] SMTP << 220 2.0.0 Ready to start TLS
[2026-04-18 12:13:21] CRITICAL SMTP ERROR: Encryption failed (check OpenSSL extension)
[2026-04-18 12:15:58] Starting manual mail system test...
[2026-04-18 12:15:58] SMTP: Connecting to smtp.gmail.com:587...
[2026-04-18 12:15:59] SMTP << 220 smtp.gmail.com ESMTP 98e67ed59e1d1-361410a7a9fsm4943775a91.12 - gsmtp
[2026-04-18 12:15:59] SMTP >> EHLO localhost
[2026-04-18 12:15:59] SMTP << 250-smtp.gmail.com at your service, [49.43.168.168]
250-SIZE 35882577
250-8BITMIME
250-STARTTLS
250-ENHANCEDSTATUSCODES
250-PIPELINING
250-CHUNKING
250 SMTPUTF8
[2026-04-18 12:15:59] SMTP >> STARTTLS
[2026-04-18 12:16:00] SMTP << 220 2.0.0 Ready to start TLS
[2026-04-18 12:16:00] SMTP: Encryption enabled.
[2026-04-18 12:16:00] SMTP >> EHLO localhost
[2026-04-18 12:16:00] SMTP << 250-smtp.gmail.com at your service, [49.43.168.168]
250-SIZE 35882577
250-8BITMIME
250-AUTH LOGIN PLAIN XOAUTH2 PLAIN-CLIENTTOKEN OAUTHBEARER XOAUTH
250-ENHANCEDSTATUSCODES
250-PIPELINING
250-CHUNKING
250 SMTPUTF8
[2026-04-18 12:16:00] SMTP >> AUTH LOGIN
[2026-04-18 12:16:00] SMTP << 334 VXNlcm5hbWU6
[2026-04-18 12:16:01] SMTP << 334 UGFzc3dvcmQ6
[2026-04-18 12:16:01] SMTP << 235 2.7.0 Accepted
[2026-04-18 12:16:01] SMTP: Authentication successful.
[2026-04-18 12:16:01] SMTP >> MAIL FROM: <championhrithik@gmail.com>
[2026-04-18 12:16:01] SMTP << 250 2.1.0 OK 98e67ed59e1d1-361410a7a9fsm4943775a91.12 - gsmtp
[2026-04-18 12:16:01] SMTP >> RCPT TO: <stocxpertinventory@gmail.com>
[2026-04-18 12:16:02] SMTP << 250 2.1.5 OK 98e67ed59e1d1-361410a7a9fsm4943775a91.12 - gsmtp
[2026-04-18 12:16:02] SMTP >> DATA
[2026-04-18 12:16:02] SMTP << 354 Go ahead 98e67ed59e1d1-361410a7a9fsm4943775a91.12 - gsmtp
[2026-04-18 12:16:03] SMTP << 250 2.0.0 OK  1776514563 98e67ed59e1d1-361410a7a9fsm4943775a91.12 - gsmtp
[2026-04-18 12:16:03] SMTP >> QUIT
[2026-04-18 12:16:03] SMTP << 221 2.0.0 closing connection 98e67ed59e1d1-361410a7a9fsm4943775a91.12 - gsmtp
[2026-04-18 12:16:03] SMTP: Process completed successfully.
[2026-04-18 12:17:25] Starting manual mail system test...
[2026-04-18 12:17:25] SMTP: Connecting to smtp.gmail.com:587...
[2026-04-18 12:17:26] SMTP << 220 smtp.gmail.com ESMTP 41be03b00d2f7-c797703059fsm3733716a12.24 - gsmtp
[2026-04-18 12:17:26] SMTP >> EHLO localhost
[2026-04-18 12:17:26] SMTP << 250-smtp.gmail.com at your service, [49.43.168.168]
250-SIZE 35882577
250-8BITMIME
250-STARTTLS
250-ENHANCEDSTATUSCODES
250-PIPELINING
250-CHUNKING
250 SMTPUTF8
[2026-04-18 12:17:26] SMTP >> STARTTLS
[2026-04-18 12:17:27] SMTP << 220 2.0.0 Ready to start TLS
[2026-04-18 12:17:27] SMTP: Encryption enabled.
[2026-04-18 12:17:27] SMTP >> EHLO localhost
[2026-04-18 12:17:27] SMTP << 250-smtp.gmail.com at your service, [49.43.168.168]
250-SIZE 35882577
250-8BITMIME
250-AUTH LOGIN PLAIN XOAUTH2 PLAIN-CLIENTTOKEN OAUTHBEARER XOAUTH
250-ENHANCEDSTATUSCODES
250-PIPELINING
250-CHUNKING
250 SMTPUTF8
[2026-04-18 12:17:27] SMTP >> AUTH LOGIN
[2026-04-18 12:17:28] SMTP << 334 VXNlcm5hbWU6
[2026-04-18 12:17:28] SMTP << 334 UGFzc3dvcmQ6
[2026-04-18 12:17:28] SMTP << 235 2.7.0 Accepted
[2026-04-18 12:17:28] SMTP: Authentication successful.
[2026-04-18 12:17:28] SMTP >> MAIL FROM: <championhrithik@gmail.com>
[2026-04-18 12:17:29] SMTP << 250 2.1.0 OK 41be03b00d2f7-c797703059fsm3733716a12.24 - gsmtp
[2026-04-18 12:17:29] SMTP >> RCPT TO: <stocxpertinventory@gmail.com>
[2026-04-18 12:17:29] SMTP << 250 2.1.5 OK 41be03b00d2f7-c797703059fsm3733716a12.24 - gsmtp
[2026-04-18 12:17:29] SMTP >> DATA
[2026-04-18 12:17:29] SMTP << 354 Go ahead 41be03b00d2f7-c797703059fsm3733716a12.24 - gsmtp
[2026-04-18 12:17:30] SMTP << 250 2.0.0 OK  1776514650 41be03b00d2f7-c797703059fsm3733716a12.24 - gsmtp
[2026-04-18 12:17:30] SMTP >> QUIT
[2026-04-18 12:17:30] SMTP << 221 2.0.0 closing connection 41be03b00d2f7-c797703059fsm3733716a12.24 - gsmtp
[2026-04-18 12:17:30] SMTP: Process completed successfully.
[2026-04-18 12:32:34] Checking for low stock items...
[2026-04-18 12:32:34] Found 18 item(s) running low. Triggering email...
[2026-04-18 12:32:34] SMTP: Connecting to smtp.gmail.com:587...
[2026-04-18 12:32:35] SMTP << 220 smtp.gmail.com ESMTP 98e67ed59e1d1-3613fab1c5fsm1936189a91.4 - gsmtp
[2026-04-18 12:32:35] SMTP >> EHLO localhost
[2026-04-18 12:32:35] SMTP << 250-smtp.gmail.com at your service, [49.43.168.168]
250-SIZE 35882577
250-8BITMIME
250-STARTTLS
250-ENHANCEDSTATUSCODES
250-PIPELINING
250-CHUNKING
250 SMTPUTF8
[2026-04-18 12:32:35] SMTP >> STARTTLS
[2026-04-18 12:32:35] SMTP << 220 2.0.0 Ready to start TLS
[2026-04-18 12:32:36] SMTP: Encryption enabled.
[2026-04-18 12:32:36] SMTP >> EHLO localhost
[2026-04-18 12:32:36] SMTP << 250-smtp.gmail.com at your service, [49.43.168.168]
250-SIZE 35882577
250-8BITMIME
250-AUTH LOGIN PLAIN XOAUTH2 PLAIN-CLIENTTOKEN OAUTHBEARER XOAUTH
250-ENHANCEDSTATUSCODES
250-PIPELINING
250-CHUNKING
250 SMTPUTF8
[2026-04-18 12:32:36] SMTP >> AUTH LOGIN
[2026-04-18 12:32:36] SMTP << 334 VXNlcm5hbWU6
[2026-04-18 12:32:36] SMTP << 334 UGFzc3dvcmQ6
[2026-04-18 12:32:37] SMTP << 235 2.7.0 Accepted
[2026-04-18 12:32:37] SMTP: Authentication successful.
[2026-04-18 12:32:37] SMTP >> MAIL FROM: <championhrithik@gmail.com>
[2026-04-18 12:32:37] SMTP << 250 2.1.0 OK 98e67ed59e1d1-3613fab1c5fsm1936189a91.4 - gsmtp
[2026-04-18 12:32:37] SMTP >> RCPT TO: <stocxpertinventory@gmail.com>
[2026-04-18 12:32:37] SMTP << 250 2.1.5 OK 98e67ed59e1d1-3613fab1c5fsm1936189a91.4 - gsmtp
[2026-04-18 12:32:37] SMTP >> DATA
[2026-04-18 12:32:38] SMTP << 354 Go ahead 98e67ed59e1d1-3613fab1c5fsm1936189a91.4 - gsmtp
[2026-04-18 12:32:38] SMTP << 250 2.0.0 OK  1776515559 98e67ed59e1d1-3613fab1c5fsm1936189a91.4 - gsmtp
[2026-04-18 12:32:38] SMTP >> QUIT
[2026-04-18 12:32:39] SMTP << 221 2.0.0 closing connection 98e67ed59e1d1-3613fab1c5fsm1936189a91.4 - gsmtp
[2026-04-18 12:32:39] SMTP: Process completed successfully.
[2026-04-18 12:32:39] Email successfully handed over to server for delivery.
[2026-04-18 12:32:39] Checking for low stock items...
[2026-04-18 12:32:39] Found 18 item(s) running low. Triggering email...
[2026-04-18 12:32:39] SMTP: Connecting to smtp.gmail.com:587...
[2026-04-18 12:32:40] SMTP << 220 smtp.gmail.com ESMTP d9443c01a7336-2b5faa176e9sm48886125ad.20 - gsmtp
[2026-04-18 12:32:40] SMTP >> EHLO localhost
[2026-04-18 12:32:40] SMTP << 250-smtp.gmail.com at your service, [49.43.168.168]
250-SIZE 35882577
250-8BITMIME
250-STARTTLS
250-ENHANCEDSTATUSCODES
250-PIPELINING
250-CHUNKING
250 SMTPUTF8
[2026-04-18 12:32:40] SMTP >> STARTTLS
[2026-04-18 12:32:40] SMTP << 220 2.0.0 Ready to start TLS
[2026-04-18 12:32:40] SMTP: Encryption enabled.
[2026-04-18 12:32:40] SMTP >> EHLO localhost
[2026-04-18 12:32:40] SMTP << 250-smtp.gmail.com at your service, [49.43.168.168]
250-SIZE 35882577
250-8BITMIME
250-AUTH LOGIN PLAIN XOAUTH2 PLAIN-CLIENTTOKEN OAUTHBEARER XOAUTH
250-ENHANCEDSTATUSCODES
250-PIPELINING
250-CHUNKING
250 SMTPUTF8
[2026-04-18 12:32:40] SMTP >> AUTH LOGIN
[2026-04-18 12:32:41] SMTP << 334 VXNlcm5hbWU6
[2026-04-18 12:32:41] SMTP << 334 UGFzc3dvcmQ6
[2026-04-18 12:32:41] SMTP << 235 2.7.0 Accepted
[2026-04-18 12:32:41] SMTP: Authentication successful.
[2026-04-18 12:32:41] SMTP >> MAIL FROM: <championhrithik@gmail.com>
[2026-04-18 12:32:42] SMTP << 250 2.1.0 OK d9443c01a7336-2b5faa176e9sm48886125ad.20 - gsmtp
[2026-04-18 12:32:42] SMTP >> RCPT TO: <stocxpertinventory@gmail.com>
[2026-04-18 12:32:42] SMTP << 250 2.1.5 OK d9443c01a7336-2b5faa176e9sm48886125ad.20 - gsmtp
[2026-04-18 12:32:42] SMTP >> DATA
[2026-04-18 12:32:42] SMTP << 354 Go ahead d9443c01a7336-2b5faa176e9sm48886125ad.20 - gsmtp
[2026-04-18 12:32:43] SMTP << 250 2.0.0 OK  1776515563 d9443c01a7336-2b5faa176e9sm48886125ad.20 - gsmtp
[2026-04-18 12:32:43] SMTP >> QUIT
[2026-04-18 12:32:43] SMTP << 221 2.0.0 closing connection d9443c01a7336-2b5faa176e9sm48886125ad.20 - gsmtp
[2026-04-18 12:32:43] SMTP: Process completed successfully.
[2026-04-18 12:32:43] Email successfully handed over to server for delivery.
[2026-04-18 12:37:21] Checking for low stock items...
[2026-04-18 12:37:21] Found 18 item(s) running low. Triggering email...
[2026-04-18 12:37:21] SMTP: Connecting to smtp.gmail.com:587...
[2026-04-18 12:37:22] SMTP << 220 smtp.gmail.com ESMTP 98e67ed59e1d1-36146ae9cd8sm3094334a91.11 - gsmtp
[2026-04-18 12:37:22] SMTP >> EHLO localhost
[2026-04-18 12:37:22] SMTP << 250-smtp.gmail.com at your service, [49.43.168.168]
250-SIZE 35882577
250-8BITMIME
250-STARTTLS
250-ENHANCEDSTATUSCODES
250-PIPELINING
250-CHUNKING
250 SMTPUTF8
[2026-04-18 12:37:22] SMTP >> STARTTLS
[2026-04-18 12:37:23] SMTP << 220 2.0.0 Ready to start TLS
[2026-04-18 12:37:23] SMTP: Encryption enabled.
[2026-04-18 12:37:23] SMTP >> EHLO localhost
[2026-04-18 12:37:23] SMTP << 250-smtp.gmail.com at your service, [49.43.168.168]
250-SIZE 35882577
250-8BITMIME
250-AUTH LOGIN PLAIN XOAUTH2 PLAIN-CLIENTTOKEN OAUTHBEARER XOAUTH
250-ENHANCEDSTATUSCODES
250-PIPELINING
250-CHUNKING
250 SMTPUTF8
[2026-04-18 12:37:23] SMTP >> AUTH LOGIN
[2026-04-18 12:37:23] SMTP << 334 VXNlcm5hbWU6
[2026-04-18 12:37:24] SMTP << 334 UGFzc3dvcmQ6
[2026-04-18 12:37:24] SMTP << 235 2.7.0 Accepted
[2026-04-18 12:37:24] SMTP: Authentication successful.
[2026-04-18 12:37:24] SMTP >> MAIL FROM: <championhrithik@gmail.com>
[2026-04-18 12:37:24] SMTP << 250 2.1.0 OK 98e67ed59e1d1-36146ae9cd8sm3094334a91.11 - gsmtp
[2026-04-18 12:37:24] SMTP >> RCPT TO: <stocxpertinventory@gmail.com>
[2026-04-18 12:37:24] SMTP << 250 2.1.5 OK 98e67ed59e1d1-36146ae9cd8sm3094334a91.11 - gsmtp
[2026-04-18 12:37:25] SMTP >> DATA
[2026-04-18 12:37:25] SMTP << 354 Go ahead 98e67ed59e1d1-36146ae9cd8sm3094334a91.11 - gsmtp
[2026-04-18 12:37:26] SMTP << 250 2.0.0 OK  1776515846 98e67ed59e1d1-36146ae9cd8sm3094334a91.11 - gsmtp
[2026-04-18 12:37:26] SMTP >> QUIT
[2026-04-18 12:37:26] SMTP << 221 2.0.0 closing connection 98e67ed59e1d1-36146ae9cd8sm3094334a91.11 - gsmtp
[2026-04-18 12:37:26] SMTP: Process completed successfully.
[2026-04-18 12:37:26] Email successfully handed over to server for delivery.
[2026-04-18 12:37:27] Checking for low stock items...
[2026-04-18 12:37:27] Found 18 item(s) running low. Triggering email...
[2026-04-18 12:37:27] SMTP: Connecting to smtp.gmail.com:587...
[2026-04-18 12:37:27] SMTP << 220 smtp.gmail.com ESMTP d2e1a72fcca58-82f8e9d9a1csm5146737b3a.20 - gsmtp
[2026-04-18 12:37:27] SMTP >> EHLO localhost
[2026-04-18 12:37:28] SMTP << 250-smtp.gmail.com at your service, [49.43.168.168]
250-SIZE 35882577
250-8BITMIME
250-STARTTLS
250-ENHANCEDSTATUSCODES
250-PIPELINING
250-CHUNKING
250 SMTPUTF8
[2026-04-18 12:37:28] SMTP >> STARTTLS
[2026-04-18 12:37:28] SMTP << 220 2.0.0 Ready to start TLS
[2026-04-18 12:37:28] SMTP: Encryption enabled.
[2026-04-18 12:37:28] SMTP >> EHLO localhost
[2026-04-18 12:37:28] SMTP << 250-smtp.gmail.com at your service, [49.43.168.168]
250-SIZE 35882577
250-8BITMIME
250-AUTH LOGIN PLAIN XOAUTH2 PLAIN-CLIENTTOKEN OAUTHBEARER XOAUTH
250-ENHANCEDSTATUSCODES
250-PIPELINING
250-CHUNKING
250 SMTPUTF8
[2026-04-18 12:37:28] SMTP >> AUTH LOGIN
[2026-04-18 12:37:28] SMTP << 334 VXNlcm5hbWU6
[2026-04-18 12:37:29] SMTP << 334 UGFzc3dvcmQ6
[2026-04-18 12:37:29] SMTP << 235 2.7.0 Accepted
[2026-04-18 12:37:29] SMTP: Authentication successful.
[2026-04-18 12:37:29] SMTP >> MAIL FROM: <championhrithik@gmail.com>
[2026-04-18 12:37:29] SMTP << 250 2.1.0 OK d2e1a72fcca58-82f8e9d9a1csm5146737b3a.20 - gsmtp
[2026-04-18 12:37:29] SMTP >> RCPT TO: <stocxpertinventory@gmail.com>
[2026-04-18 12:37:30] SMTP << 250 2.1.5 OK d2e1a72fcca58-82f8e9d9a1csm5146737b3a.20 - gsmtp
[2026-04-18 12:37:30] SMTP >> DATA
[2026-04-18 12:37:30] SMTP << 354 Go ahead d2e1a72fcca58-82f8e9d9a1csm5146737b3a.20 - gsmtp
[2026-04-18 12:37:31] SMTP << 250 2.0.0 OK  1776515851 d2e1a72fcca58-82f8e9d9a1csm5146737b3a.20 - gsmtp
[2026-04-18 12:37:31] SMTP >> QUIT
[2026-04-18 12:37:31] SMTP << 221 2.0.0 closing connection d2e1a72fcca58-82f8e9d9a1csm5146737b3a.20 - gsmtp
[2026-04-18 12:37:31] SMTP: Process completed successfully.
[2026-04-18 12:37:31] Email successfully handed over to server for delivery.
[2026-04-18 12:37:31] Checking for low stock items...
[2026-04-18 12:37:31] Found 18 item(s) running low. Triggering email...
[2026-04-18 12:37:31] SMTP: Connecting to smtp.gmail.com:587...
[2026-04-18 12:37:32] SMTP << 220 smtp.gmail.com ESMTP d2e1a72fcca58-82f8e9d9a1csm5146978b3a.20 - gsmtp
[2026-04-18 12:37:32] SMTP >> EHLO localhost
[2026-04-18 12:37:32] SMTP << 250-smtp.gmail.com at your service, [49.43.168.168]
250-SIZE 35882577
250-8BITMIME
250-STARTTLS
250-ENHANCEDSTATUSCODES
250-PIPELINING
250-CHUNKING
250 SMTPUTF8
[2026-04-18 12:37:32] SMTP >> STARTTLS
[2026-04-18 12:37:32] SMTP << 220 2.0.0 Ready to start TLS
[2026-04-18 12:37:32] SMTP: Encryption enabled.
[2026-04-18 12:37:32] SMTP >> EHLO localhost
[2026-04-18 12:37:33] SMTP << 250-smtp.gmail.com at your service, [49.43.168.168]
250-SIZE 35882577
250-8BITMIME
250-AUTH LOGIN PLAIN XOAUTH2 PLAIN-CLIENTTOKEN OAUTHBEARER XOAUTH
250-ENHANCEDSTATUSCODES
250-PIPELINING
250-CHUNKING
250 SMTPUTF8
[2026-04-18 12:37:33] SMTP >> AUTH LOGIN
[2026-04-18 12:37:33] SMTP << 334 VXNlcm5hbWU6
[2026-04-18 12:37:33] SMTP << 334 UGFzc3dvcmQ6
[2026-04-18 12:37:34] SMTP << 235 2.7.0 Accepted
[2026-04-18 12:37:34] SMTP: Authentication successful.
[2026-04-18 12:37:34] SMTP >> MAIL FROM: <championhrithik@gmail.com>
[2026-04-18 12:37:34] SMTP << 250 2.1.0 OK d2e1a72fcca58-82f8e9d9a1csm5146978b3a.20 - gsmtp
[2026-04-18 12:37:34] SMTP >> RCPT TO: <stocxpertinventory@gmail.com>
[2026-04-18 12:37:34] SMTP << 250 2.1.5 OK d2e1a72fcca58-82f8e9d9a1csm5146978b3a.20 - gsmtp
[2026-04-18 12:37:34] SMTP >> DATA
[2026-04-18 12:37:34] SMTP << 354 Go ahead d2e1a72fcca58-82f8e9d9a1csm5146978b3a.20 - gsmtp
[2026-04-18 12:37:35] SMTP << 250 2.0.0 OK  1776515855 d2e1a72fcca58-82f8e9d9a1csm5146978b3a.20 - gsmtp
[2026-04-18 12:37:35] SMTP >> QUIT
[2026-04-18 12:37:35] SMTP << 221 2.0.0 closing connection d2e1a72fcca58-82f8e9d9a1csm5146978b3a.20 - gsmtp
[2026-04-18 12:37:35] SMTP: Process completed successfully.
[2026-04-18 12:37:35] Email successfully handed over to server for delivery.
[2026-04-18 12:37:35] Checking for low stock items...
[2026-04-18 12:37:35] Found 18 item(s) running low. Triggering email...
[2026-04-18 12:37:35] SMTP: Connecting to smtp.gmail.com:587...
[2026-04-18 12:37:36] SMTP << 220 smtp.gmail.com ESMTP d9443c01a7336-2b5fab3c067sm50044995ad.76 - gsmtp
[2026-04-18 12:37:36] SMTP >> EHLO localhost
[2026-04-18 12:37:36] SMTP << 250-smtp.gmail.com at your service, [49.43.168.168]
250-SIZE 35882577
250-8BITMIME
250-STARTTLS
250-ENHANCEDSTATUSCODES
250-PIPELINING
250-CHUNKING
250 SMTPUTF8
[2026-04-18 12:37:36] SMTP >> STARTTLS
[2026-04-18 12:37:37] SMTP << 220 2.0.0 Ready to start TLS
[2026-04-18 12:37:37] SMTP: Encryption enabled.
[2026-04-18 12:37:37] SMTP >> EHLO localhost
[2026-04-18 12:37:37] SMTP << 250-smtp.gmail.com at your service, [49.43.168.168]
250-SIZE 35882577
250-8BITMIME
250-AUTH LOGIN PLAIN XOAUTH2 PLAIN-CLIENTTOKEN OAUTHBEARER XOAUTH
250-ENHANCEDSTATUSCODES
250-PIPELINING
250-CHUNKING
250 SMTPUTF8
[2026-04-18 12:37:37] SMTP >> AUTH LOGIN
[2026-04-18 12:37:37] SMTP << 334 VXNlcm5hbWU6
[2026-04-18 12:37:38] SMTP << 334 UGFzc3dvcmQ6
[2026-04-18 12:37:38] SMTP << 235 2.7.0 Accepted
[2026-04-18 12:37:38] SMTP: Authentication successful.
[2026-04-18 12:37:38] SMTP >> MAIL FROM: <championhrithik@gmail.com>
[2026-04-18 12:37:38] SMTP << 250 2.1.0 OK d9443c01a7336-2b5fab3c067sm50044995ad.76 - gsmtp
[2026-04-18 12:37:38] SMTP >> RCPT TO: <stocxpertinventory@gmail.com>
[2026-04-18 12:37:38] SMTP << 250 2.1.5 OK d9443c01a7336-2b5fab3c067sm50044995ad.76 - gsmtp
[2026-04-18 12:37:38] SMTP >> DATA
[2026-04-18 12:37:39] SMTP << 354 Go ahead d9443c01a7336-2b5fab3c067sm50044995ad.76 - gsmtp
[2026-04-18 12:37:39] SMTP << 250 2.0.0 OK  1776515860 d9443c01a7336-2b5fab3c067sm50044995ad.76 - gsmtp
[2026-04-18 12:37:39] SMTP >> QUIT
[2026-04-18 12:37:40] SMTP << 221 2.0.0 closing connection d9443c01a7336-2b5fab3c067sm50044995ad.76 - gsmtp
[2026-04-18 12:37:40] SMTP: Process completed successfully.
[2026-04-18 12:37:40] Email successfully handed over to server for delivery.
[2026-04-18 12:37:40] Checking for low stock items...
[2026-04-18 12:37:40] Found 18 item(s) running low. Triggering email...
[2026-04-18 12:37:40] SMTP: Connecting to smtp.gmail.com:587...
[2026-04-18 12:37:41] SMTP << 220 smtp.gmail.com ESMTP d2e1a72fcca58-82f8ebe41cfsm5339741b3a.43 - gsmtp
[2026-04-18 12:37:41] SMTP >> EHLO localhost
[2026-04-18 12:37:41] SMTP << 250-smtp.gmail.com at your service, [49.43.168.168]
250-SIZE 35882577
250-8BITMIME
250-STARTTLS
250-ENHANCEDSTATUSCODES
250-PIPELINING
250-CHUNKING
250 SMTPUTF8
[2026-04-18 12:37:41] SMTP >> STARTTLS
[2026-04-18 12:37:41] SMTP << 220 2.0.0 Ready to start TLS
[2026-04-18 12:37:41] SMTP: Encryption enabled.
[2026-04-18 12:37:41] SMTP >> EHLO localhost
[2026-04-18 12:37:41] SMTP << 250-smtp.gmail.com at your service, [49.43.168.168]
250-SIZE 35882577
250-8BITMIME
250-AUTH LOGIN PLAIN XOAUTH2 PLAIN-CLIENTTOKEN OAUTHBEARER XOAUTH
250-ENHANCEDSTATUSCODES
250-PIPELINING
250-CHUNKING
250 SMTPUTF8
[2026-04-18 12:37:41] SMTP >> AUTH LOGIN
[2026-04-18 12:37:42] SMTP << 334 VXNlcm5hbWU6
[2026-04-18 12:37:42] SMTP << 334 UGFzc3dvcmQ6
[2026-04-18 12:37:42] SMTP << 235 2.7.0 Accepted
[2026-04-18 12:37:42] SMTP: Authentication successful.
[2026-04-18 12:37:42] SMTP >> MAIL FROM: <championhrithik@gmail.com>
[2026-04-18 12:37:43] SMTP << 250 2.1.0 OK d2e1a72fcca58-82f8ebe41cfsm5339741b3a.43 - gsmtp
[2026-04-18 12:37:43] SMTP >> RCPT TO: <stocxpertinventory@gmail.com>
[2026-04-18 12:37:43] SMTP << 250 2.1.5 OK d2e1a72fcca58-82f8ebe41cfsm5339741b3a.43 - gsmtp
[2026-04-18 12:37:43] SMTP >> DATA
[2026-04-18 12:37:43] SMTP << 354 Go ahead d2e1a72fcca58-82f8ebe41cfsm5339741b3a.43 - gsmtp
[2026-04-18 12:37:44] SMTP << 250 2.0.0 OK  1776515864 d2e1a72fcca58-82f8ebe41cfsm5339741b3a.43 - gsmtp
[2026-04-18 12:37:44] SMTP >> QUIT
[2026-04-18 12:37:44] SMTP << 221 2.0.0 closing connection d2e1a72fcca58-82f8ebe41cfsm5339741b3a.43 - gsmtp
[2026-04-18 12:37:44] SMTP: Process completed successfully.
[2026-04-18 12:37:44] Email successfully handed over to server for delivery.
[2026-04-18 12:37:44] Checking for low stock items...
[2026-04-18 12:37:44] Found 18 item(s) running low. Triggering email...
[2026-04-18 12:37:44] SMTP: Connecting to smtp.gmail.com:587...
[2026-04-18 12:37:45] SMTP << 220 smtp.gmail.com ESMTP d9443c01a7336-2b5faa4f092sm50780355ad.36 - gsmtp
[2026-04-18 12:37:45] SMTP >> EHLO localhost
[2026-04-18 12:37:45] SMTP << 250-smtp.gmail.com at your service, [49.43.168.168]
250-SIZE 35882577
250-8BITMIME
250-STARTTLS
250-ENHANCEDSTATUSCODES
250-PIPELINING
250-CHUNKING
250 SMTPUTF8
[2026-04-18 12:37:45] SMTP >> STARTTLS
[2026-04-18 12:37:46] SMTP << 220 2.0.0 Ready to start TLS
[2026-04-18 12:37:46] SMTP: Encryption enabled.
[2026-04-18 12:37:46] SMTP >> EHLO localhost
[2026-04-18 12:37:46] SMTP << 250-smtp.gmail.com at your service, [49.43.168.168]
250-SIZE 35882577
250-8BITMIME
250-AUTH LOGIN PLAIN XOAUTH2 PLAIN-CLIENTTOKEN OAUTHBEARER XOAUTH
250-ENHANCEDSTATUSCODES
250-PIPELINING
250-CHUNKING
250 SMTPUTF8
[2026-04-18 12:37:46] SMTP >> AUTH LOGIN
[2026-04-18 12:37:46] SMTP << 334 VXNlcm5hbWU6
[2026-04-18 12:37:46] SMTP << 334 UGFzc3dvcmQ6
[2026-04-18 12:37:47] SMTP << 235 2.7.0 Accepted
[2026-04-18 12:37:47] SMTP: Authentication successful.
[2026-04-18 12:37:47] SMTP >> MAIL FROM: <championhrithik@gmail.com>
[2026-04-18 12:37:47] SMTP << 250 2.1.0 OK d9443c01a7336-2b5faa4f092sm50780355ad.36 - gsmtp
[2026-04-18 12:37:47] SMTP >> RCPT TO: <stocxpertinventory@gmail.com>
[2026-04-18 12:37:47] SMTP << 250 2.1.5 OK d9443c01a7336-2b5faa4f092sm50780355ad.36 - gsmtp
[2026-04-18 12:37:47] SMTP >> DATA
[2026-04-18 12:37:48] SMTP << 354 Go ahead d9443c01a7336-2b5faa4f092sm50780355ad.36 - gsmtp
[2026-04-18 12:37:48] SMTP << 250 2.0.0 OK  1776515869 d9443c01a7336-2b5faa4f092sm50780355ad.36 - gsmtp
[2026-04-18 12:37:48] SMTP >> QUIT
[2026-04-18 12:37:49] SMTP << 221 2.0.0 closing connection d9443c01a7336-2b5faa4f092sm50780355ad.36 - gsmtp
[2026-04-18 12:37:49] SMTP: Process completed successfully.
[2026-04-18 12:37:49] Email successfully handed over to server for delivery.
[2026-04-18 12:37:49] Checking for low stock items...
[2026-04-18 12:37:49] Found 18 item(s) running low. Triggering email...
[2026-04-18 12:37:49] SMTP: Connecting to smtp.gmail.com:587...
[2026-04-18 12:37:49] SMTP << 220 smtp.gmail.com ESMTP d2e1a72fcca58-82f8ebe68ebsm5527011b3a.47 - gsmtp
[2026-04-18 12:37:49] SMTP >> EHLO localhost
[2026-04-18 12:37:50] SMTP << 250-smtp.gmail.com at your service, [49.43.168.168]
250-SIZE 35882577
250-8BITMIME
250-STARTTLS
250-ENHANCEDSTATUSCODES
250-PIPELINING
250-CHUNKING
250 SMTPUTF8
[2026-04-18 12:37:50] SMTP >> STARTTLS
[2026-04-18 12:37:50] SMTP << 220 2.0.0 Ready to start TLS
[2026-04-18 12:37:50] SMTP: Encryption enabled.
[2026-04-18 12:37:50] SMTP >> EHLO localhost
[2026-04-18 12:37:50] SMTP << 250-smtp.gmail.com at your service, [49.43.168.168]
250-SIZE 35882577
250-8BITMIME
250-AUTH LOGIN PLAIN XOAUTH2 PLAIN-CLIENTTOKEN OAUTHBEARER XOAUTH
250-ENHANCEDSTATUSCODES
250-PIPELINING
250-CHUNKING
250 SMTPUTF8
[2026-04-18 12:37:50] SMTP >> AUTH LOGIN
[2026-04-18 12:37:51] SMTP << 334 VXNlcm5hbWU6
[2026-04-18 12:37:51] SMTP << 334 UGFzc3dvcmQ6
[2026-04-18 12:37:51] SMTP << 235 2.7.0 Accepted
[2026-04-18 12:37:51] SMTP: Authentication successful.
[2026-04-18 12:37:51] SMTP >> MAIL FROM: <championhrithik@gmail.com>
[2026-04-18 12:37:52] SMTP << 250 2.1.0 OK d2e1a72fcca58-82f8ebe68ebsm5527011b3a.47 - gsmtp
[2026-04-18 12:37:52] SMTP >> RCPT TO: <stocxpertinventory@gmail.com>
[2026-04-18 12:37:52] SMTP << 250 2.1.5 OK d2e1a72fcca58-82f8ebe68ebsm5527011b3a.47 - gsmtp
[2026-04-18 12:37:52] SMTP >> DATA
[2026-04-18 12:37:52] SMTP << 354 Go ahead d2e1a72fcca58-82f8ebe68ebsm5527011b3a.47 - gsmtp
[2026-04-18 12:37:53] SMTP << 250 2.0.0 OK  1776515873 d2e1a72fcca58-82f8ebe68ebsm5527011b3a.47 - gsmtp
[2026-04-18 12:37:53] SMTP >> QUIT
[2026-04-18 12:37:53] SMTP << 221 2.0.0 closing connection d2e1a72fcca58-82f8ebe68ebsm5527011b3a.47 - gsmtp
[2026-04-18 12:37:53] SMTP: Process completed successfully.
[2026-04-18 12:37:53] Email successfully handed over to server for delivery.
[2026-04-18 12:48:36] SMTP: Connecting to smtp.gmail.com:587...
[2026-04-18 12:48:36] SMTP << 220 smtp.gmail.com ESMTP 98e67ed59e1d1-3614371a7c8sm4525308a91.5 - gsmtp
[2026-04-18 12:48:36] SMTP >> EHLO localhost
[2026-04-18 12:48:37] SMTP << 250-smtp.gmail.com at your service, [49.43.168.168]
250-SIZE 35882577
250-8BITMIME
250-STARTTLS
250-ENHANCEDSTATUSCODES
250-PIPELINING
250-CHUNKING
250 SMTPUTF8
[2026-04-18 12:48:37] SMTP >> STARTTLS
[2026-04-18 12:48:37] SMTP << 220 2.0.0 Ready to start TLS
[2026-04-18 12:48:37] SMTP: Encryption enabled.
[2026-04-18 12:48:37] SMTP >> EHLO localhost
[2026-04-18 12:48:38] SMTP << 250-smtp.gmail.com at your service, [49.43.168.168]
250-SIZE 35882577
250-8BITMIME
250-AUTH LOGIN PLAIN XOAUTH2 PLAIN-CLIENTTOKEN OAUTHBEARER XOAUTH
250-ENHANCEDSTATUSCODES
250-PIPELINING
250-CHUNKING
250 SMTPUTF8
[2026-04-18 12:48:38] SMTP >> AUTH LOGIN
[2026-04-18 12:48:38] SMTP << 334 VXNlcm5hbWU6
[2026-04-18 12:48:38] SMTP << 334 UGFzc3dvcmQ6
[2026-04-18 12:48:38] SMTP << 235 2.7.0 Accepted
[2026-04-18 12:48:38] SMTP: Authentication successful.
[2026-04-18 12:48:38] SMTP >> MAIL FROM: <championhrithik@gmail.com>
[2026-04-18 12:48:39] SMTP << 250 2.1.0 OK 98e67ed59e1d1-3614371a7c8sm4525308a91.5 - gsmtp
[2026-04-18 12:48:39] SMTP >> RCPT TO: <stocxpertinventory@gmail.com>
[2026-04-18 12:48:39] SMTP << 250 2.1.5 OK 98e67ed59e1d1-3614371a7c8sm4525308a91.5 - gsmtp
[2026-04-18 12:48:39] SMTP >> DATA
[2026-04-18 12:48:39] SMTP << 354 Go ahead 98e67ed59e1d1-3614371a7c8sm4525308a91.5 - gsmtp
[2026-04-18 12:48:40] SMTP << 250 2.0.0 OK  1776516520 98e67ed59e1d1-3614371a7c8sm4525308a91.5 - gsmtp
[2026-04-18 12:48:40] SMTP >> QUIT
[2026-04-18 12:48:40] SMTP << 221 2.0.0 closing connection 98e67ed59e1d1-3614371a7c8sm4525308a91.5 - gsmtp
[2026-04-18 12:48:40] SMTP: Process completed successfully.
[2026-04-18 12:48:40] SMTP: Connecting to smtp.gmail.com:587...
[2026-04-18 12:48:41] SMTP << 220 smtp.gmail.com ESMTP 98e67ed59e1d1-361410bafa9sm5025784a91.15 - gsmtp
[2026-04-18 12:48:41] SMTP >> EHLO localhost
[2026-04-18 12:48:41] SMTP << 250-smtp.gmail.com at your service, [49.43.168.168]
250-SIZE 35882577
250-8BITMIME
250-STARTTLS
250-ENHANCEDSTATUSCODES
250-PIPELINING
250-CHUNKING
250 SMTPUTF8
[2026-04-18 12:48:41] SMTP >> STARTTLS
[2026-04-18 12:48:42] SMTP << 220 2.0.0 Ready to start TLS
[2026-04-18 12:48:42] SMTP: Encryption enabled.
[2026-04-18 12:48:42] SMTP >> EHLO localhost
[2026-04-18 12:48:42] SMTP << 250-smtp.gmail.com at your service, [49.43.168.168]
250-SIZE 35882577
250-8BITMIME
250-AUTH LOGIN PLAIN XOAUTH2 PLAIN-CLIENTTOKEN OAUTHBEARER XOAUTH
250-ENHANCEDSTATUSCODES
250-PIPELINING
250-CHUNKING
250 SMTPUTF8
[2026-04-18 12:48:42] SMTP >> AUTH LOGIN
[2026-04-18 12:48:42] SMTP << 334 VXNlcm5hbWU6
[2026-04-18 12:48:43] SMTP << 334 UGFzc3dvcmQ6
[2026-04-18 12:48:43] SMTP << 235 2.7.0 Accepted
[2026-04-18 12:48:43] SMTP: Authentication successful.
[2026-04-18 12:48:43] SMTP >> MAIL FROM: <championhrithik@gmail.com>
[2026-04-18 12:48:43] SMTP << 250 2.1.0 OK 98e67ed59e1d1-361410bafa9sm5025784a91.15 - gsmtp
[2026-04-18 12:48:43] SMTP >> RCPT TO: <stocxpertinventory@gmail.com>
[2026-04-18 12:48:43] SMTP << 250 2.1.5 OK 98e67ed59e1d1-361410bafa9sm5025784a91.15 - gsmtp
[2026-04-18 12:48:43] SMTP >> DATA
[2026-04-18 12:48:44] SMTP << 354 Go ahead 98e67ed59e1d1-361410bafa9sm5025784a91.15 - gsmtp
[2026-04-18 12:48:44] SMTP << 250 2.0.0 OK  1776516525 98e67ed59e1d1-361410bafa9sm5025784a91.15 - gsmtp
[2026-04-18 12:48:44] SMTP >> QUIT
[2026-04-18 12:48:45] SMTP << 221 2.0.0 closing connection 98e67ed59e1d1-361410bafa9sm5025784a91.15 - gsmtp
[2026-04-18 12:48:45] SMTP: Process completed successfully.
[2026-04-18 12:48:45] SMTP: Connecting to smtp.gmail.com:587...
[2026-04-18 12:48:45] SMTP << 220 smtp.gmail.com ESMTP d2e1a72fcca58-82f8e9d35acsm5062874b3a.15 - gsmtp
[2026-04-18 12:48:45] SMTP >> EHLO localhost
[2026-04-18 12:48:46] SMTP << 250-smtp.gmail.com at your service, [49.43.168.168]
250-SIZE 35882577
250-8BITMIME
250-STARTTLS
250-ENHANCEDSTATUSCODES
250-PIPELINING
250-CHUNKING
250 SMTPUTF8
[2026-04-18 12:48:46] SMTP >> STARTTLS
[2026-04-18 12:48:46] SMTP << 220 2.0.0 Ready to start TLS
[2026-04-18 12:48:46] SMTP: Encryption enabled.
[2026-04-18 12:48:46] SMTP >> EHLO localhost
[2026-04-18 12:48:46] SMTP << 250-smtp.gmail.com at your service, [49.43.168.168]
250-SIZE 35882577
250-8BITMIME
250-AUTH LOGIN PLAIN XOAUTH2 PLAIN-CLIENTTOKEN OAUTHBEARER XOAUTH
250-ENHANCEDSTATUSCODES
250-PIPELINING
250-CHUNKING
250 SMTPUTF8
[2026-04-18 12:48:46] SMTP >> AUTH LOGIN
[2026-04-18 12:48:47] SMTP << 334 VXNlcm5hbWU6
[2026-04-18 12:48:47] SMTP << 334 UGFzc3dvcmQ6
[2026-04-18 12:48:47] SMTP << 235 2.7.0 Accepted
[2026-04-18 12:48:47] SMTP: Authentication successful.
[2026-04-18 12:48:47] SMTP >> MAIL FROM: <championhrithik@gmail.com>
[2026-04-18 12:48:48] SMTP << 250 2.1.0 OK d2e1a72fcca58-82f8e9d35acsm5062874b3a.15 - gsmtp
[2026-04-18 12:48:48] SMTP >> RCPT TO: <stocxpertinventory@gmail.com>
[2026-04-18 12:48:48] SMTP << 250 2.1.5 OK d2e1a72fcca58-82f8e9d35acsm5062874b3a.15 - gsmtp
[2026-04-18 12:48:48] SMTP >> DATA
[2026-04-18 12:48:48] SMTP << 354 Go ahead d2e1a72fcca58-82f8e9d35acsm5062874b3a.15 - gsmtp
[2026-04-18 12:48:49] SMTP << 250 2.0.0 OK  1776516529 d2e1a72fcca58-82f8e9d35acsm5062874b3a.15 - gsmtp
[2026-04-18 12:48:49] SMTP >> QUIT
[2026-04-18 12:48:49] SMTP << 221 2.0.0 closing connection d2e1a72fcca58-82f8e9d35acsm5062874b3a.15 - gsmtp
[2026-04-18 12:48:49] SMTP: Process completed successfully.
[2026-04-18 12:48:49] SMTP: Connecting to smtp.gmail.com:587...
[2026-04-18 12:48:50] SMTP << 220 smtp.gmail.com ESMTP 41be03b00d2f7-c797701b0f0sm3758036a12.17 - gsmtp
[2026-04-18 12:48:50] SMTP >> EHLO localhost
[2026-04-18 12:48:50] SMTP << 250-smtp.gmail.com at your service, [49.43.168.168]
250-SIZE 35882577
250-8BITMIME
250-STARTTLS
250-ENHANCEDSTATUSCODES
250-PIPELINING
250-CHUNKING
250 SMTPUTF8
[2026-04-18 12:48:50] SMTP >> STARTTLS
[2026-04-18 12:48:51] SMTP << 220 2.0.0 Ready to start TLS
[2026-04-18 12:48:51] SMTP: Encryption enabled.
[2026-04-18 12:48:51] SMTP >> EHLO localhost
[2026-04-18 12:48:51] SMTP << 250-smtp.gmail.com at your service, [49.43.168.168]
250-SIZE 35882577
250-8BITMIME
250-AUTH LOGIN PLAIN XOAUTH2 PLAIN-CLIENTTOKEN OAUTHBEARER XOAUTH
250-ENHANCEDSTATUSCODES
250-PIPELINING
250-CHUNKING
250 SMTPUTF8
[2026-04-18 12:48:51] SMTP >> AUTH LOGIN
[2026-04-18 12:48:51] SMTP << 334 VXNlcm5hbWU6
[2026-04-18 12:48:51] SMTP << 334 UGFzc3dvcmQ6
[2026-04-18 12:48:52] SMTP << 235 2.7.0 Accepted
[2026-04-18 12:48:52] SMTP: Authentication successful.
[2026-04-18 12:48:52] SMTP >> MAIL FROM: <championhrithik@gmail.com>
[2026-04-18 12:48:52] SMTP << 250 2.1.0 OK 41be03b00d2f7-c797701b0f0sm3758036a12.17 - gsmtp
[2026-04-18 12:48:52] SMTP >> RCPT TO: <stocxpertinventory@gmail.com>
[2026-04-18 12:48:52] SMTP << 250 2.1.5 OK 41be03b00d2f7-c797701b0f0sm3758036a12.17 - gsmtp
[2026-04-18 12:48:52] SMTP >> DATA
[2026-04-18 12:48:53] SMTP << 354 Go ahead 41be03b00d2f7-c797701b0f0sm3758036a12.17 - gsmtp
[2026-04-18 12:48:53] SMTP << 250 2.0.0 OK  1776516534 41be03b00d2f7-c797701b0f0sm3758036a12.17 - gsmtp
[2026-04-18 12:48:53] SMTP >> QUIT
[2026-04-18 12:48:54] SMTP << 221 2.0.0 closing connection 41be03b00d2f7-c797701b0f0sm3758036a12.17 - gsmtp
[2026-04-18 12:48:54] SMTP: Process completed successfully.
[2026-04-18 12:51:06] SMTP: Connecting to smtp.gmail.com:587...
[2026-04-18 12:51:07] SMTP << 220 smtp.gmail.com ESMTP 98e67ed59e1d1-361410c9874sm4948862a91.16 - gsmtp
[2026-04-18 12:51:07] SMTP >> EHLO localhost
[2026-04-18 12:51:07] SMTP << 250-smtp.gmail.com at your service, [49.43.168.168]
250-SIZE 35882577
250-8BITMIME
250-STARTTLS
250-ENHANCEDSTATUSCODES
250-PIPELINING
250-CHUNKING
250 SMTPUTF8
[2026-04-18 12:51:07] SMTP >> STARTTLS
[2026-04-18 12:51:07] SMTP << 220 2.0.0 Ready to start TLS
[2026-04-18 12:51:08] SMTP: Encryption enabled.
[2026-04-18 12:51:08] SMTP >> EHLO localhost
[2026-04-18 12:51:08] SMTP << 250-smtp.gmail.com at your service, [49.43.168.168]
250-SIZE 35882577
250-8BITMIME
250-AUTH LOGIN PLAIN XOAUTH2 PLAIN-CLIENTTOKEN OAUTHBEARER XOAUTH
250-ENHANCEDSTATUSCODES
250-PIPELINING
250-CHUNKING
250 SMTPUTF8
[2026-04-18 12:51:08] SMTP >> AUTH LOGIN
[2026-04-18 12:51:08] SMTP << 334 VXNlcm5hbWU6
[2026-04-18 12:51:09] SMTP << 334 UGFzc3dvcmQ6
[2026-04-18 12:51:09] SMTP << 235 2.7.0 Accepted
[2026-04-18 12:51:09] SMTP: Authentication successful.
[2026-04-18 12:51:09] SMTP >> MAIL FROM: <championhrithik@gmail.com>
[2026-04-18 12:51:09] SMTP << 250 2.1.0 OK 98e67ed59e1d1-361410c9874sm4948862a91.16 - gsmtp
[2026-04-18 12:51:09] SMTP >> RCPT TO: <stocxpertinventory@gmail.com>
[2026-04-18 12:51:09] SMTP << 250 2.1.5 OK 98e67ed59e1d1-361410c9874sm4948862a91.16 - gsmtp
[2026-04-18 12:51:09] SMTP >> DATA
[2026-04-18 12:51:10] SMTP << 354 Go ahead 98e67ed59e1d1-361410c9874sm4948862a91.16 - gsmtp
[2026-04-18 12:51:11] SMTP << 250 2.0.0 OK  1776516671 98e67ed59e1d1-361410c9874sm4948862a91.16 - gsmtp
[2026-04-18 12:51:11] SMTP >> QUIT
[2026-04-18 12:51:11] SMTP << 221 2.0.0 closing connection 98e67ed59e1d1-361410c9874sm4948862a91.16 - gsmtp
[2026-04-18 12:51:11] SMTP: Process completed successfully.
[2026-04-18 12:51:11] SMTP: Connecting to smtp.gmail.com:587...
[2026-04-18 12:51:12] SMTP << 220 smtp.gmail.com ESMTP d2e1a72fcca58-82f8e9d9a1csm5181240b3a.20 - gsmtp
[2026-04-18 12:51:12] SMTP >> EHLO localhost
[2026-04-18 12:51:12] SMTP << 250-smtp.gmail.com at your service, [49.43.168.168]
250-SIZE 35882577
250-8BITMIME
250-STARTTLS
250-ENHANCEDSTATUSCODES
250-PIPELINING
250-CHUNKING
250 SMTPUTF8
[2026-04-18 12:51:12] SMTP >> STARTTLS
[2026-04-18 12:51:13] SMTP << 220 2.0.0 Ready to start TLS
[2026-04-18 12:51:13] SMTP: Encryption enabled.
[2026-04-18 12:51:13] SMTP >> EHLO localhost
[2026-04-18 12:51:13] SMTP << 250-smtp.gmail.com at your service, [49.43.168.168]
250-SIZE 35882577
250-8BITMIME
250-AUTH LOGIN PLAIN XOAUTH2 PLAIN-CLIENTTOKEN OAUTHBEARER XOAUTH
250-ENHANCEDSTATUSCODES
250-PIPELINING
250-CHUNKING
250 SMTPUTF8
[2026-04-18 12:51:13] SMTP >> AUTH LOGIN
[2026-04-18 12:51:13] SMTP << 334 VXNlcm5hbWU6
[2026-04-18 12:51:14] SMTP << 334 UGFzc3dvcmQ6
[2026-04-18 12:51:14] SMTP << 235 2.7.0 Accepted
[2026-04-18 12:51:14] SMTP: Authentication successful.
[2026-04-18 12:51:14] SMTP >> MAIL FROM: <championhrithik@gmail.com>
[2026-04-18 12:51:14] SMTP << 250 2.1.0 OK d2e1a72fcca58-82f8e9d9a1csm5181240b3a.20 - gsmtp
[2026-04-18 12:51:14] SMTP >> RCPT TO: <stocxpertinventory@gmail.com>
[2026-04-18 12:51:15] SMTP << 250 2.1.5 OK d2e1a72fcca58-82f8e9d9a1csm5181240b3a.20 - gsmtp
[2026-04-18 12:51:15] SMTP >> DATA
[2026-04-18 12:51:15] SMTP << 354 Go ahead d2e1a72fcca58-82f8e9d9a1csm5181240b3a.20 - gsmtp
[2026-04-18 12:51:16] SMTP << 250 2.0.0 OK  1776516676 d2e1a72fcca58-82f8e9d9a1csm5181240b3a.20 - gsmtp
[2026-04-18 12:51:16] SMTP >> QUIT
[2026-04-18 12:51:16] SMTP << 221 2.0.0 closing connection d2e1a72fcca58-82f8e9d9a1csm5181240b3a.20 - gsmtp
[2026-04-18 12:51:16] SMTP: Process completed successfully.
[2026-04-18 12:51:16] SMTP: Connecting to smtp.gmail.com:587...
[2026-04-18 12:51:17] SMTP << 220 smtp.gmail.com ESMTP d9443c01a7336-2b5faa4f092sm51093285ad.36 - gsmtp
[2026-04-18 12:51:17] SMTP >> EHLO localhost
[2026-04-18 12:51:17] SMTP << 250-smtp.gmail.com at your service, [49.43.168.168]
250-SIZE 35882577
250-8BITMIME
250-STARTTLS
250-ENHANCEDSTATUSCODES
250-PIPELINING
250-CHUNKING
250 SMTPUTF8
[2026-04-18 12:51:17] SMTP >> STARTTLS
[2026-04-18 12:51:17] SMTP << 220 2.0.0 Ready to start TLS
[2026-04-18 12:51:17] SMTP: Encryption enabled.
[2026-04-18 12:51:17] SMTP >> EHLO localhost
[2026-04-18 12:51:18] SMTP << 250-smtp.gmail.com at your service, [49.43.168.168]
250-SIZE 35882577
250-8BITMIME
250-AUTH LOGIN PLAIN XOAUTH2 PLAIN-CLIENTTOKEN OAUTHBEARER XOAUTH
250-ENHANCEDSTATUSCODES
250-PIPELINING
250-CHUNKING
250 SMTPUTF8
[2026-04-18 12:51:18] SMTP >> AUTH LOGIN
[2026-04-18 12:51:18] SMTP << 334 VXNlcm5hbWU6
[2026-04-18 12:51:18] SMTP << 334 UGFzc3dvcmQ6
[2026-04-18 12:51:18] SMTP << 235 2.7.0 Accepted
[2026-04-18 12:51:18] SMTP: Authentication successful.
[2026-04-18 12:51:18] SMTP >> MAIL FROM: <championhrithik@gmail.com>
[2026-04-18 12:51:19] SMTP << 250 2.1.0 OK d9443c01a7336-2b5faa4f092sm51093285ad.36 - gsmtp
[2026-04-18 12:51:19] SMTP >> RCPT TO: <stocxpertinventory@gmail.com>
[2026-04-18 12:51:19] SMTP << 250 2.1.5 OK d9443c01a7336-2b5faa4f092sm51093285ad.36 - gsmtp
[2026-04-18 12:51:19] SMTP >> DATA
[2026-04-18 12:51:19] SMTP << 354 Go ahead d9443c01a7336-2b5faa4f092sm51093285ad.36 - gsmtp
[2026-04-18 12:51:20] SMTP << 250 2.0.0 OK  1776516680 d9443c01a7336-2b5faa4f092sm51093285ad.36 - gsmtp
[2026-04-18 12:51:20] SMTP >> QUIT
[2026-04-18 12:51:20] SMTP << 221 2.0.0 closing connection d9443c01a7336-2b5faa4f092sm51093285ad.36 - gsmtp
[2026-04-18 12:51:20] SMTP: Process completed successfully.
[2026-04-18 12:53:45] Checking for low stock items...
[2026-04-18 12:53:46] Found 18 item(s) running low. Triggering email...
[2026-04-18 12:53:46] SMTP: Connecting to smtp.gmail.com:587...
[2026-04-18 12:53:46] SMTP << 220 smtp.gmail.com ESMTP d2e1a72fcca58-82f8ebbf0e5sm4877937b3a.28 - gsmtp
[2026-04-18 12:53:46] SMTP >> EHLO localhost
[2026-04-18 12:53:47] SMTP << 250-smtp.gmail.com at your service, [49.43.168.168]
250-SIZE 35882577
250-8BITMIME
250-STARTTLS
250-ENHANCEDSTATUSCODES
250-PIPELINING
250-CHUNKING
250 SMTPUTF8
[2026-04-18 12:53:47] SMTP >> STARTTLS
[2026-04-18 12:53:47] SMTP << 220 2.0.0 Ready to start TLS
[2026-04-18 12:53:47] SMTP: Encryption enabled.
[2026-04-18 12:53:47] SMTP >> EHLO localhost
[2026-04-18 12:53:48] SMTP << 250-smtp.gmail.com at your service, [49.43.168.168]
250-SIZE 35882577
250-8BITMIME
250-AUTH LOGIN PLAIN XOAUTH2 PLAIN-CLIENTTOKEN OAUTHBEARER XOAUTH
250-ENHANCEDSTATUSCODES
250-PIPELINING
250-CHUNKING
250 SMTPUTF8
[2026-04-18 12:53:48] SMTP >> AUTH LOGIN
[2026-04-18 12:53:48] SMTP << 334 VXNlcm5hbWU6
[2026-04-18 12:53:48] SMTP << 334 UGFzc3dvcmQ6
[2026-04-18 12:53:49] SMTP << 235 2.7.0 Accepted
[2026-04-18 12:53:49] SMTP: Authentication successful.
[2026-04-18 12:53:49] SMTP >> MAIL FROM: <championhrithik@gmail.com>
[2026-04-18 12:53:49] SMTP << 250 2.1.0 OK d2e1a72fcca58-82f8ebbf0e5sm4877937b3a.28 - gsmtp
[2026-04-18 12:53:49] SMTP >> RCPT TO: <stocxpertinventory@gmail.com>
[2026-04-18 12:53:49] SMTP << 250 2.1.5 OK d2e1a72fcca58-82f8ebbf0e5sm4877937b3a.28 - gsmtp
[2026-04-18 12:53:49] SMTP >> DATA
[2026-04-18 12:53:49] SMTP << 354 Go ahead d2e1a72fcca58-82f8ebbf0e5sm4877937b3a.28 - gsmtp
[2026-04-18 12:53:50] SMTP << 250 2.0.0 OK  1776516830 d2e1a72fcca58-82f8ebbf0e5sm4877937b3a.28 - gsmtp
[2026-04-18 12:53:50] SMTP >> QUIT
[2026-04-18 12:53:50] SMTP << 221 2.0.0 closing connection d2e1a72fcca58-82f8ebbf0e5sm4877937b3a.28 - gsmtp
[2026-04-18 12:53:50] SMTP: Process completed successfully.
[2026-04-18 12:53:50] Email successfully handed over to server for delivery.
[2026-04-18 13:16:51] Checking for low stock items...
[2026-04-18 13:16:51] Found 18 item(s) running low. Triggering email...
[2026-04-18 13:16:51] SMTP: Connecting to smtp.gmail.com:587...
[2026-04-18 13:16:51] SMTP << 220 smtp.gmail.com ESMTP d9443c01a7336-2b5fa9fedf0sm61031945ad.6 - gsmtp
[2026-04-18 13:16:51] SMTP >> EHLO localhost
[2026-04-18 13:16:52] SMTP << 250-smtp.gmail.com at your service, [2401:4900:5eec:c1ef:45c0:6706:6056:72bc]
250-SIZE 35882577
250-8BITMIME
250-STARTTLS
250-ENHANCEDSTATUSCODES
250-PIPELINING
250-CHUNKING
250 SMTPUTF8
[2026-04-18 13:16:52] SMTP >> STARTTLS
[2026-04-18 13:16:52] SMTP << 220 2.0.0 Ready to start TLS
[2026-04-18 13:16:55] SMTP: Encryption enabled.
[2026-04-18 13:16:55] SMTP >> EHLO localhost
[2026-04-18 13:16:55] SMTP << 250-smtp.gmail.com at your service, [2401:4900:5eec:c1ef:45c0:6706:6056:72bc]
250-SIZE 35882577
250-8BITMIME
250-AUTH LOGIN PLAIN XOAUTH2 PLAIN-CLIENTTOKEN OAUTHBEARER XOAUTH
250-ENHANCEDSTATUSCODES
250-PIPELINING
250-CHUNKING
250 SMTPUTF8
[2026-04-18 13:16:55] SMTP >> AUTH LOGIN
[2026-04-18 13:16:56] SMTP << 334 VXNlcm5hbWU6
[2026-04-18 13:17:04] SMTP << 334 UGFzc3dvcmQ6
[2026-04-18 13:17:05] SMTP << 235 2.7.0 Accepted
[2026-04-18 13:17:05] SMTP: Authentication successful.
[2026-04-18 13:17:05] SMTP >> MAIL FROM: <championhrithik@gmail.com>
[2026-04-18 13:17:05] SMTP << 250 2.1.0 OK d9443c01a7336-2b5fa9fedf0sm61031945ad.6 - gsmtp
[2026-04-18 13:17:05] SMTP >> RCPT TO: <stocxpertinventory@gmail.com>
[2026-04-18 13:17:05] SMTP << 250 2.1.5 OK d9443c01a7336-2b5fa9fedf0sm61031945ad.6 - gsmtp
[2026-04-18 13:17:05] SMTP >> DATA
[2026-04-18 13:17:06] SMTP << 354 Go ahead d9443c01a7336-2b5fa9fedf0sm61031945ad.6 - gsmtp
[2026-04-18 13:17:08] SMTP << 250 2.0.0 OK  1776518227 d9443c01a7336-2b5fa9fedf0sm61031945ad.6 - gsmtp
[2026-04-18 13:17:08] SMTP >> QUIT
[2026-04-18 13:17:09] SMTP << 221 2.0.0 closing connection d9443c01a7336-2b5fa9fedf0sm61031945ad.6 - gsmtp
[2026-04-18 13:17:09] SMTP: Process completed successfully.
[2026-04-18 13:17:09] Email successfully handed over to server for delivery.
[2026-04-18 13:17:10] Checking for low stock items...
[2026-04-18 13:17:10] Found 18 item(s) running low. Triggering email...
[2026-04-18 13:17:10] SMTP: Connecting to smtp.gmail.com:587...
[2026-04-18 13:17:10] SMTP << 220 smtp.gmail.com ESMTP d9443c01a7336-2b606ce9891sm17550845ad.83 - gsmtp
[2026-04-18 13:17:10] SMTP >> EHLO localhost
[2026-04-18 13:17:10] SMTP << 250-smtp.gmail.com at your service, [2401:4900:5eec:c1ef:45c0:6706:6056:72bc]
250-SIZE 35882577
250-8BITMIME
250-STARTTLS
250-ENHANCEDSTATUSCODES
250-PIPELINING
250-CHUNKING
250 SMTPUTF8
[2026-04-18 13:17:10] SMTP >> STARTTLS
[2026-04-18 13:17:11] SMTP << 220 2.0.0 Ready to start TLS
[2026-04-18 13:17:11] SMTP: Encryption enabled.
[2026-04-18 13:17:11] SMTP >> EHLO localhost
[2026-04-18 13:17:11] SMTP << 250-smtp.gmail.com at your service, [2401:4900:5eec:c1ef:45c0:6706:6056:72bc]
250-SIZE 35882577
250-8BITMIME
250-AUTH LOGIN PLAIN XOAUTH2 PLAIN-CLIENTTOKEN OAUTHBEARER XOAUTH
250-ENHANCEDSTATUSCODES
250-PIPELINING
250-CHUNKING
250 SMTPUTF8
[2026-04-18 13:17:11] SMTP >> AUTH LOGIN
[2026-04-18 13:17:12] SMTP << 334 VXNlcm5hbWU6
[2026-04-18 13:17:12] SMTP << 334 UGFzc3dvcmQ6
[2026-04-18 13:17:13] SMTP << 235 2.7.0 Accepted
[2026-04-18 13:17:13] SMTP: Authentication successful.
[2026-04-18 13:17:13] SMTP >> MAIL FROM: <championhrithik@gmail.com>
[2026-04-18 13:17:13] SMTP << 250 2.1.0 OK d9443c01a7336-2b606ce9891sm17550845ad.83 - gsmtp
[2026-04-18 13:17:13] SMTP >> RCPT TO: <stocxpertinventory@gmail.com>
[2026-04-18 13:17:14] SMTP << 250 2.1.5 OK d9443c01a7336-2b606ce9891sm17550845ad.83 - gsmtp
[2026-04-18 13:17:14] SMTP >> DATA
[2026-04-18 13:17:14] SMTP << 354 Go ahead d9443c01a7336-2b606ce9891sm17550845ad.83 - gsmtp
[2026-04-18 13:17:15] SMTP << 250 2.0.0 OK  1776518235 d9443c01a7336-2b606ce9891sm17550845ad.83 - gsmtp
[2026-04-18 13:17:15] SMTP >> QUIT
[2026-04-18 13:17:15] SMTP << 221 2.0.0 closing connection d9443c01a7336-2b606ce9891sm17550845ad.83 - gsmtp
[2026-04-18 13:17:15] SMTP: Process completed successfully.
[2026-04-18 13:17:15] Email successfully handed over to server for delivery.
[2026-04-18 13:17:15] Checking for low stock items...
[2026-04-18 13:17:15] Found 18 item(s) running low. Triggering email...
[2026-04-18 13:17:15] SMTP: Connecting to smtp.gmail.com:587...
[2026-04-18 13:17:16] SMTP << 220 smtp.gmail.com ESMTP 41be03b00d2f7-c7976f9db0esm3657455a12.10 - gsmtp
[2026-04-18 13:17:16] SMTP >> EHLO localhost
[2026-04-18 13:17:16] SMTP << 250-smtp.gmail.com at your service, [2401:4900:5eec:c1ef:45c0:6706:6056:72bc]
250-SIZE 35882577
250-8BITMIME
250-STARTTLS
250-ENHANCEDSTATUSCODES
250-PIPELINING
250-CHUNKING
250 SMTPUTF8
[2026-04-18 13:17:16] SMTP >> STARTTLS
[2026-04-18 13:17:17] SMTP << 220 2.0.0 Ready to start TLS
[2026-04-18 13:17:17] SMTP: Encryption enabled.
[2026-04-18 13:17:17] SMTP >> EHLO localhost
[2026-04-18 13:17:17] SMTP << 250-smtp.gmail.com at your service, [2401:4900:5eec:c1ef:45c0:6706:6056:72bc]
250-SIZE 35882577
250-8BITMIME
250-AUTH LOGIN PLAIN XOAUTH2 PLAIN-CLIENTTOKEN OAUTHBEARER XOAUTH
250-ENHANCEDSTATUSCODES
250-PIPELINING
250-CHUNKING
250 SMTPUTF8
[2026-04-18 13:17:17] SMTP >> AUTH LOGIN
[2026-04-18 13:17:18] SMTP << 334 VXNlcm5hbWU6
[2026-04-18 13:17:18] SMTP << 334 UGFzc3dvcmQ6
[2026-04-18 13:17:19] SMTP << 235 2.7.0 Accepted
[2026-04-18 13:17:19] SMTP: Authentication successful.
[2026-04-18 13:17:19] SMTP >> MAIL FROM: <championhrithik@gmail.com>
[2026-04-18 13:17:19] SMTP << 250 2.1.0 OK 41be03b00d2f7-c7976f9db0esm3657455a12.10 - gsmtp
[2026-04-18 13:17:19] SMTP >> RCPT TO: <stocxpertinventory@gmail.com>
[2026-04-18 13:17:20] SMTP << 250 2.1.5 OK 41be03b00d2f7-c7976f9db0esm3657455a12.10 - gsmtp
[2026-04-18 13:17:20] SMTP >> DATA
[2026-04-18 13:17:20] SMTP << 354 Go ahead 41be03b00d2f7-c7976f9db0esm3657455a12.10 - gsmtp
[2026-04-18 13:17:21] SMTP << 250 2.0.0 OK  1776518241 41be03b00d2f7-c7976f9db0esm3657455a12.10 - gsmtp
[2026-04-18 13:17:21] SMTP >> QUIT
[2026-04-18 13:17:21] SMTP << 221 2.0.0 closing connection 41be03b00d2f7-c7976f9db0esm3657455a12.10 - gsmtp
[2026-04-18 13:17:21] SMTP: Process completed successfully.
[2026-04-18 13:17:21] Email successfully handed over to server for delivery.
[2026-04-18 13:18:28] Checking for low stock items...
[2026-04-18 13:18:28] Found 18 item(s) running low. Triggering email...
[2026-04-18 13:18:29] SMTP: Connecting to smtp.gmail.com:587...
[2026-04-18 13:18:29] SMTP << 220 smtp.gmail.com ESMTP d9443c01a7336-2b5faa3073asm47593865ad.27 - gsmtp
[2026-04-18 13:18:29] SMTP >> EHLO localhost
[2026-04-18 13:18:29] SMTP << 250-smtp.gmail.com at your service, [2401:4900:5eec:c1ef:45c0:6706:6056:72bc]
250-SIZE 35882577
250-8BITMIME
250-STARTTLS
250-ENHANCEDSTATUSCODES
250-PIPELINING
250-CHUNKING
250 SMTPUTF8
[2026-04-18 13:18:29] SMTP >> STARTTLS
[2026-04-18 13:18:30] SMTP << 220 2.0.0 Ready to start TLS
[2026-04-18 13:18:30] SMTP: Encryption enabled.
[2026-04-18 13:18:30] SMTP >> EHLO localhost
[2026-04-18 13:18:31] SMTP << 250-smtp.gmail.com at your service, [2401:4900:5eec:c1ef:45c0:6706:6056:72bc]
250-SIZE 35882577
250-8BITMIME
250-AUTH LOGIN PLAIN XOAUTH2 PLAIN-CLIENTTOKEN OAUTHBEARER XOAUTH
250-ENHANCEDSTATUSCODES
250-PIPELINING
250-CHUNKING
250 SMTPUTF8
[2026-04-18 13:18:31] SMTP >> AUTH LOGIN
[2026-04-18 13:18:31] SMTP << 334 VXNlcm5hbWU6
[2026-04-18 13:18:32] SMTP << 334 UGFzc3dvcmQ6
[2026-04-18 13:18:32] SMTP << 235 2.7.0 Accepted
[2026-04-18 13:18:32] SMTP: Authentication successful.
[2026-04-18 13:18:32] SMTP >> MAIL FROM: <championhrithik@gmail.com>
[2026-04-18 13:18:33] SMTP << 250 2.1.0 OK d9443c01a7336-2b5faa3073asm47593865ad.27 - gsmtp
[2026-04-18 13:18:33] SMTP >> RCPT TO: <stocxpertinventory@gmail.com>
[2026-04-18 13:18:34] SMTP << 250 2.1.5 OK d9443c01a7336-2b5faa3073asm47593865ad.27 - gsmtp
[2026-04-18 13:18:34] SMTP >> DATA
[2026-04-18 13:18:35] SMTP << 354 Go ahead d9443c01a7336-2b5faa3073asm47593865ad.27 - gsmtp
[2026-04-18 13:18:35] SMTP << 250 2.0.0 OK  1776518316 d9443c01a7336-2b5faa3073asm47593865ad.27 - gsmtp
[2026-04-18 13:18:35] SMTP >> QUIT
[2026-04-18 13:18:36] SMTP << 221 2.0.0 closing connection d9443c01a7336-2b5faa3073asm47593865ad.27 - gsmtp
[2026-04-18 13:18:36] SMTP: Process completed successfully.
[2026-04-18 13:18:36] Email successfully handed over to server for delivery.
[2026-04-18 13:18:36] Checking for low stock items...
[2026-04-18 13:18:36] Found 18 item(s) running low. Triggering email...
[2026-04-18 13:18:36] SMTP: Connecting to smtp.gmail.com:587...
[2026-04-18 13:18:36] SMTP << 220 smtp.gmail.com ESMTP d9443c01a7336-2b5fab32cfasm65477465ad.69 - gsmtp
[2026-04-18 13:18:36] SMTP >> EHLO localhost
[2026-04-18 13:18:37] SMTP << 250-smtp.gmail.com at your service, [2401:4900:5eec:c1ef:45c0:6706:6056:72bc]
250-SIZE 35882577
250-8BITMIME
250-STARTTLS
250-ENHANCEDSTATUSCODES
250-PIPELINING
250-CHUNKING
250 SMTPUTF8
[2026-04-18 13:18:37] SMTP >> STARTTLS
[2026-04-18 13:18:37] SMTP << 220 2.0.0 Ready to start TLS
[2026-04-18 13:18:37] SMTP: Encryption enabled.
[2026-04-18 13:18:37] SMTP >> EHLO localhost
[2026-04-18 13:18:38] SMTP << 250-smtp.gmail.com at your service, [2401:4900:5eec:c1ef:45c0:6706:6056:72bc]
250-SIZE 35882577
250-8BITMIME
250-AUTH LOGIN PLAIN XOAUTH2 PLAIN-CLIENTTOKEN OAUTHBEARER XOAUTH
250-ENHANCEDSTATUSCODES
250-PIPELINING
250-CHUNKING
250 SMTPUTF8
[2026-04-18 13:18:38] SMTP >> AUTH LOGIN
[2026-04-18 13:18:38] SMTP << 334 VXNlcm5hbWU6
[2026-04-18 13:18:38] SMTP << 334 UGFzc3dvcmQ6
[2026-04-18 13:18:39] SMTP << 235 2.7.0 Accepted
[2026-04-18 13:18:39] SMTP: Authentication successful.
[2026-04-18 13:18:39] SMTP >> MAIL FROM: <championhrithik@gmail.com>
[2026-04-18 13:18:39] SMTP << 250 2.1.0 OK d9443c01a7336-2b5fab32cfasm65477465ad.69 - gsmtp
[2026-04-18 13:18:39] SMTP >> RCPT TO: <stocxpertinventory@gmail.com>
[2026-04-18 13:18:40] SMTP << 250 2.1.5 OK d9443c01a7336-2b5fab32cfasm65477465ad.69 - gsmtp
[2026-04-18 13:18:40] SMTP >> DATA
[2026-04-18 13:18:40] SMTP << 354 Go ahead d9443c01a7336-2b5fab32cfasm65477465ad.69 - gsmtp
[2026-04-18 13:18:41] SMTP << 250 2.0.0 OK  1776518321 d9443c01a7336-2b5fab32cfasm65477465ad.69 - gsmtp
[2026-04-18 13:18:41] SMTP >> QUIT
[2026-04-18 13:18:41] SMTP << 221 2.0.0 closing connection d9443c01a7336-2b5fab32cfasm65477465ad.69 - gsmtp
[2026-04-18 13:18:41] SMTP: Process completed successfully.
[2026-04-18 13:18:41] Email successfully handed over to server for delivery.
[2026-04-18 13:27:31] Checking for low stock items...
[2026-04-18 13:27:31] Found 18 item(s) running low. Triggering email...
[2026-04-18 13:27:31] SMTP: Connecting to smtp.gmail.com:587...
[2026-04-18 13:27:32] SMTP << 220 smtp.gmail.com ESMTP d2e1a72fcca58-82f8e9d2fa9sm5171171b3a.16 - gsmtp
[2026-04-18 13:27:32] SMTP >> EHLO localhost
[2026-04-18 13:27:32] SMTP << 250-smtp.gmail.com at your service, [2401:4900:5eec:c1ef:45c0:6706:6056:72bc]
250-SIZE 35882577
250-8BITMIME
250-STARTTLS
250-ENHANCEDSTATUSCODES
250-PIPELINING
250-CHUNKING
250 SMTPUTF8
[2026-04-18 13:27:32] SMTP >> STARTTLS
[2026-04-18 13:27:33] SMTP << 220 2.0.0 Ready to start TLS
[2026-04-18 13:27:33] SMTP: Encryption enabled.
[2026-04-18 13:27:33] SMTP >> EHLO localhost
[2026-04-18 13:27:34] SMTP << 250-smtp.gmail.com at your service, [2401:4900:5eec:c1ef:45c0:6706:6056:72bc]
250-SIZE 35882577
250-8BITMIME
250-AUTH LOGIN PLAIN XOAUTH2 PLAIN-CLIENTTOKEN OAUTHBEARER XOAUTH
250-ENHANCEDSTATUSCODES
250-PIPELINING
250-CHUNKING
250 SMTPUTF8
[2026-04-18 13:27:34] SMTP >> AUTH LOGIN
[2026-04-18 13:27:34] SMTP << 334 VXNlcm5hbWU6
[2026-04-18 13:27:35] SMTP << 334 UGFzc3dvcmQ6
[2026-04-18 13:27:35] SMTP << 235 2.7.0 Accepted
[2026-04-18 13:27:35] SMTP: Authentication successful.
[2026-04-18 13:27:35] SMTP >> MAIL FROM: <championhrithik@gmail.com>
[2026-04-18 13:27:35] SMTP << 250 2.1.0 OK d2e1a72fcca58-82f8e9d2fa9sm5171171b3a.16 - gsmtp
[2026-04-18 13:27:35] SMTP >> RCPT TO: <stocxpertinventory@gmail.com>
[2026-04-18 13:27:36] SMTP << 250 2.1.5 OK d2e1a72fcca58-82f8e9d2fa9sm5171171b3a.16 - gsmtp
[2026-04-18 13:27:36] SMTP >> DATA
[2026-04-18 13:27:37] SMTP << 354 Go ahead d2e1a72fcca58-82f8e9d2fa9sm5171171b3a.16 - gsmtp
[2026-04-18 13:27:38] SMTP << 250 2.0.0 OK  1776518858 d2e1a72fcca58-82f8e9d2fa9sm5171171b3a.16 - gsmtp
[2026-04-18 13:27:38] SMTP >> QUIT
[2026-04-18 13:27:38] SMTP << 221 2.0.0 closing connection d2e1a72fcca58-82f8e9d2fa9sm5171171b3a.16 - gsmtp
[2026-04-18 13:27:38] SMTP: Process completed successfully.
[2026-04-18 13:27:38] Email successfully handed over to server for delivery.
[2026-04-18 13:27:56] Checking for low stock items...
[2026-04-18 13:27:56] Found 18 item(s) running low. Triggering email...
[2026-04-18 13:27:57] SMTP: Connecting to smtp.gmail.com:587...
[2026-04-18 13:27:58] SMTP << 220 smtp.gmail.com ESMTP d9443c01a7336-2b5fa9ff918sm53322675ad.13 - gsmtp
[2026-04-18 13:27:58] SMTP >> EHLO localhost
[2026-04-18 13:27:58] SMTP << 250-smtp.gmail.com at your service, [2401:4900:5eec:c1ef:45c0:6706:6056:72bc]
250-SIZE 35882577
250-8BITMIME
250-STARTTLS
250-ENHANCEDSTATUSCODES
250-PIPELINING
250-CHUNKING
250 SMTPUTF8
[2026-04-18 13:27:58] SMTP >> STARTTLS
[2026-04-18 13:27:58] SMTP << 220 2.0.0 Ready to start TLS
[2026-04-18 13:27:59] SMTP: Encryption enabled.
[2026-04-18 13:27:59] SMTP >> EHLO localhost
[2026-04-18 13:27:59] SMTP << 250-smtp.gmail.com at your service, [2401:4900:5eec:c1ef:45c0:6706:6056:72bc]
250-SIZE 35882577
250-8BITMIME
250-AUTH LOGIN PLAIN XOAUTH2 PLAIN-CLIENTTOKEN OAUTHBEARER XOAUTH
250-ENHANCEDSTATUSCODES
250-PIPELINING
250-CHUNKING
250 SMTPUTF8
[2026-04-18 13:27:59] SMTP >> AUTH LOGIN
[2026-04-18 13:28:00] SMTP << 334 VXNlcm5hbWU6
[2026-04-18 13:28:00] SMTP << 334 UGFzc3dvcmQ6
[2026-04-18 13:28:01] SMTP << 235 2.7.0 Accepted
[2026-04-18 13:28:01] SMTP: Authentication successful.
[2026-04-18 13:28:01] SMTP >> MAIL FROM: <championhrithik@gmail.com>
[2026-04-18 13:28:01] SMTP << 250 2.1.0 OK d9443c01a7336-2b5fa9ff918sm53322675ad.13 - gsmtp
[2026-04-18 13:28:01] SMTP >> RCPT TO: <stocxpertinventory@gmail.com>
[2026-04-18 13:28:01] SMTP << 250 2.1.5 OK d9443c01a7336-2b5fa9ff918sm53322675ad.13 - gsmtp
[2026-04-18 13:28:01] SMTP >> DATA
[2026-04-18 13:28:02] SMTP << 354 Go ahead d9443c01a7336-2b5fa9ff918sm53322675ad.13 - gsmtp
[2026-04-18 13:28:03] SMTP << 250 2.0.0 OK  1776518883 d9443c01a7336-2b5fa9ff918sm53322675ad.13 - gsmtp
[2026-04-18 13:28:03] SMTP >> QUIT
[2026-04-18 13:28:03] SMTP << 221 2.0.0 closing connection d9443c01a7336-2b5fa9ff918sm53322675ad.13 - gsmtp
[2026-04-18 13:28:03] SMTP: Process completed successfully.
[2026-04-18 13:28:03] Email successfully handed over to server for delivery.
[2026-04-18 13:40:09] 🔒 SECURITY: Generating Standard User alert for ho@gmail
[2026-04-18 13:40:25] Checking for low stock items...
[2026-04-18 13:40:25] Found 18 item(s) running low. Triggering email...
[2026-04-18 13:40:25] SMTP: Connecting to smtp.gmail.com:587...
[2026-04-18 13:40:26] SMTP << 220 smtp.gmail.com ESMTP d9443c01a7336-2b5fab28e35sm52247495ad.64 - gsmtp
[2026-04-18 13:40:26] SMTP >> EHLO localhost
[2026-04-18 13:40:26] SMTP << 250-smtp.gmail.com at your service, [49.43.168.168]
250-SIZE 35882577
250-8BITMIME
250-STARTTLS
250-ENHANCEDSTATUSCODES
250-PIPELINING
250-CHUNKING
250 SMTPUTF8
[2026-04-18 13:40:26] SMTP >> STARTTLS
[2026-04-18 13:40:26] SMTP << 220 2.0.0 Ready to start TLS
[2026-04-18 13:40:27] SMTP: Encryption enabled.
[2026-04-18 13:40:27] SMTP >> EHLO localhost
[2026-04-18 13:40:27] SMTP << 250-smtp.gmail.com at your service, [49.43.168.168]
250-SIZE 35882577
250-8BITMIME
250-AUTH LOGIN PLAIN XOAUTH2 PLAIN-CLIENTTOKEN OAUTHBEARER XOAUTH
250-ENHANCEDSTATUSCODES
250-PIPELINING
250-CHUNKING
250 SMTPUTF8
[2026-04-18 13:40:27] SMTP >> AUTH LOGIN
[2026-04-18 13:40:28] SMTP << 334 VXNlcm5hbWU6
[2026-04-18 13:40:28] SMTP << 334 UGFzc3dvcmQ6
[2026-04-18 13:40:28] SMTP << 235 2.7.0 Accepted
[2026-04-18 13:40:28] SMTP: Authentication successful.
[2026-04-18 13:40:28] SMTP >> MAIL FROM: <championhrithik@gmail.com>
[2026-04-18 13:40:29] SMTP << 250 2.1.0 OK d9443c01a7336-2b5fab28e35sm52247495ad.64 - gsmtp
[2026-04-18 13:40:29] SMTP >> RCPT TO: <stocxpertinventory@gmail.com>
[2026-04-18 13:40:29] SMTP << 250 2.1.5 OK d9443c01a7336-2b5fab28e35sm52247495ad.64 - gsmtp
[2026-04-18 13:40:29] SMTP >> DATA
[2026-04-18 13:40:29] SMTP << 354 Go ahead d9443c01a7336-2b5fab28e35sm52247495ad.64 - gsmtp
[2026-04-18 13:40:30] SMTP << 250 2.0.0 OK  1776519630 d9443c01a7336-2b5fab28e35sm52247495ad.64 - gsmtp
[2026-04-18 13:40:30] SMTP >> QUIT
[2026-04-18 13:40:30] SMTP << 221 2.0.0 closing connection d9443c01a7336-2b5fab28e35sm52247495ad.64 - gsmtp
[2026-04-18 13:40:30] SMTP: Process completed successfully.
[2026-04-18 13:40:30] Email successfully handed over to server for delivery.
[2026-04-18 13:40:30] Checking for low stock items...
[2026-04-18 13:40:30] Found 18 item(s) running low. Triggering email...
[2026-04-18 13:40:30] SMTP: Connecting to smtp.gmail.com:587...
[2026-04-18 13:40:31] SMTP << 220 smtp.gmail.com ESMTP d9443c01a7336-2b5faa16e72sm50747525ad.19 - gsmtp
[2026-04-18 13:40:31] SMTP >> EHLO localhost
[2026-04-18 13:40:31] SMTP << 250-smtp.gmail.com at your service, [49.43.168.168]
250-SIZE 35882577
250-8BITMIME
250-STARTTLS
250-ENHANCEDSTATUSCODES
250-PIPELINING
250-CHUNKING
250 SMTPUTF8
[2026-04-18 13:40:31] SMTP >> STARTTLS
[2026-04-18 13:40:32] SMTP << 220 2.0.0 Ready to start TLS
[2026-04-18 13:40:32] SMTP: Encryption enabled.
[2026-04-18 13:40:32] SMTP >> EHLO localhost
[2026-04-18 13:40:32] SMTP << 250-smtp.gmail.com at your service, [49.43.168.168]
250-SIZE 35882577
250-8BITMIME
250-AUTH LOGIN PLAIN XOAUTH2 PLAIN-CLIENTTOKEN OAUTHBEARER XOAUTH
250-ENHANCEDSTATUSCODES
250-PIPELINING
250-CHUNKING
250 SMTPUTF8
[2026-04-18 13:40:32] SMTP >> AUTH LOGIN
[2026-04-18 13:40:33] SMTP << 334 VXNlcm5hbWU6
[2026-04-18 13:40:33] SMTP << 334 UGFzc3dvcmQ6
[2026-04-18 13:40:33] SMTP << 235 2.7.0 Accepted
[2026-04-18 13:40:33] SMTP: Authentication successful.
[2026-04-18 13:40:33] SMTP >> MAIL FROM: <championhrithik@gmail.com>
[2026-04-18 13:40:33] SMTP << 250 2.1.0 OK d9443c01a7336-2b5faa16e72sm50747525ad.19 - gsmtp
[2026-04-18 13:40:34] SMTP >> RCPT TO: <stocxpertinventory@gmail.com>
[2026-04-18 13:40:34] SMTP << 250 2.1.5 OK d9443c01a7336-2b5faa16e72sm50747525ad.19 - gsmtp
[2026-04-18 13:40:34] SMTP >> DATA
[2026-04-18 13:40:35] SMTP << 354 Go ahead d9443c01a7336-2b5faa16e72sm50747525ad.19 - gsmtp
[2026-04-18 13:40:35] SMTP << 250 2.0.0 OK  1776519636 d9443c01a7336-2b5faa16e72sm50747525ad.19 - gsmtp
[2026-04-18 13:40:35] SMTP >> QUIT
[2026-04-18 13:40:35] SMTP << 221 2.0.0 closing connection d9443c01a7336-2b5faa16e72sm50747525ad.19 - gsmtp
[2026-04-18 13:40:36] SMTP: Process completed successfully.
[2026-04-18 13:40:36] Email successfully handed over to server for delivery.
[2026-04-18 13:41:38] Checking for low stock items...
[2026-04-18 13:41:38] Found 18 item(s) running low. Triggering email...
[2026-04-18 13:41:38] SMTP: Connecting to smtp.gmail.com:587...
[2026-04-18 13:41:39] SMTP << 220 smtp.gmail.com ESMTP d9443c01a7336-2b5fab2112csm46960295ad.62 - gsmtp
[2026-04-18 13:41:39] SMTP >> EHLO localhost
[2026-04-18 13:41:39] SMTP << 250-smtp.gmail.com at your service, [49.43.168.168]
250-SIZE 35882577
250-8BITMIME
250-STARTTLS
250-ENHANCEDSTATUSCODES
250-PIPELINING
250-CHUNKING
250 SMTPUTF8
[2026-04-18 13:41:39] SMTP >> STARTTLS
[2026-04-18 13:41:40] SMTP << 220 2.0.0 Ready to start TLS
[2026-04-18 13:41:40] SMTP: Encryption enabled.
[2026-04-18 13:41:40] SMTP >> EHLO localhost
[2026-04-18 13:41:41] SMTP << 250-smtp.gmail.com at your service, [49.43.168.168]
250-SIZE 35882577
250-8BITMIME
250-AUTH LOGIN PLAIN XOAUTH2 PLAIN-CLIENTTOKEN OAUTHBEARER XOAUTH
250-ENHANCEDSTATUSCODES
250-PIPELINING
250-CHUNKING
250 SMTPUTF8
[2026-04-18 13:41:41] SMTP >> AUTH LOGIN
[2026-04-18 13:41:41] SMTP << 334 VXNlcm5hbWU6
[2026-04-18 13:41:41] SMTP << 334 UGFzc3dvcmQ6
[2026-04-18 13:41:42] SMTP << 235 2.7.0 Accepted
[2026-04-18 13:41:42] SMTP: Authentication successful.
[2026-04-18 13:41:42] SMTP >> MAIL FROM: <championhrithik@gmail.com>
[2026-04-18 13:41:42] SMTP << 250 2.1.0 OK d9443c01a7336-2b5fab2112csm46960295ad.62 - gsmtp
[2026-04-18 13:41:42] SMTP >> RCPT TO: <stocxpertinventory@gmail.com>
[2026-04-18 13:41:42] SMTP << 250 2.1.5 OK d9443c01a7336-2b5fab2112csm46960295ad.62 - gsmtp
[2026-04-18 13:41:42] SMTP >> DATA
[2026-04-18 13:41:43] SMTP << 354 Go ahead d9443c01a7336-2b5fab2112csm46960295ad.62 - gsmtp
[2026-04-18 13:41:44] SMTP << 250 2.0.0 OK  1776519704 d9443c01a7336-2b5fab2112csm46960295ad.62 - gsmtp
[2026-04-18 13:41:44] SMTP >> QUIT
[2026-04-18 13:41:44] SMTP << 221 2.0.0 closing connection d9443c01a7336-2b5fab2112csm46960295ad.62 - gsmtp
[2026-04-18 13:41:44] SMTP: Process completed successfully.
[2026-04-18 13:41:44] Email successfully handed over to server for delivery.
[2026-04-18 13:44:30] Checking for low stock items...
[2026-04-18 13:44:30] Found 18 item(s) running low. Triggering email...
[2026-04-18 13:44:30] SMTP: Connecting to smtp.gmail.com:587...
[2026-04-18 13:44:31] SMTP << 220 smtp.gmail.com ESMTP 98e67ed59e1d1-3613fba1bc9sm1930413a91.10 - gsmtp
[2026-04-18 13:44:31] SMTP >> EHLO localhost
[2026-04-18 13:44:32] SMTP << 250-smtp.gmail.com at your service, [49.43.168.168]
250-SIZE 35882577
250-8BITMIME
250-STARTTLS
250-ENHANCEDSTATUSCODES
250-PIPELINING
250-CHUNKING
250 SMTPUTF8
[2026-04-18 13:44:32] SMTP >> STARTTLS
[2026-04-18 13:44:32] SMTP << 220 2.0.0 Ready to start TLS
[2026-04-18 13:44:32] SMTP: Encryption enabled.
[2026-04-18 13:44:32] SMTP >> EHLO localhost
[2026-04-18 13:44:33] SMTP << 250-smtp.gmail.com at your service, [49.43.168.168]
250-SIZE 35882577
250-8BITMIME
250-AUTH LOGIN PLAIN XOAUTH2 PLAIN-CLIENTTOKEN OAUTHBEARER XOAUTH
250-ENHANCEDSTATUSCODES
250-PIPELINING
250-CHUNKING
250 SMTPUTF8
[2026-04-18 13:44:33] SMTP >> AUTH LOGIN
[2026-04-18 13:44:33] SMTP << 334 VXNlcm5hbWU6
[2026-04-18 13:44:33] SMTP << 334 UGFzc3dvcmQ6
[2026-04-18 13:44:34] SMTP << 235 2.7.0 Accepted
[2026-04-18 13:44:34] SMTP: Authentication successful.
[2026-04-18 13:44:34] SMTP >> MAIL FROM: <championhrithik@gmail.com>
[2026-04-18 13:44:34] SMTP << 250 2.1.0 OK 98e67ed59e1d1-3613fba1bc9sm1930413a91.10 - gsmtp
[2026-04-18 13:44:34] SMTP >> RCPT TO: <stocxpertinventory@gmail.com>
[2026-04-18 13:44:34] SMTP << 250 2.1.5 OK 98e67ed59e1d1-3613fba1bc9sm1930413a91.10 - gsmtp
[2026-04-18 13:44:34] SMTP >> DATA
[2026-04-18 13:44:34] SMTP << 354 Go ahead 98e67ed59e1d1-3613fba1bc9sm1930413a91.10 - gsmtp
[2026-04-18 13:44:35] SMTP << 250 2.0.0 OK  1776519875 98e67ed59e1d1-3613fba1bc9sm1930413a91.10 - gsmtp
[2026-04-18 13:44:35] SMTP >> QUIT
[2026-04-18 13:44:35] SMTP << 221 2.0.0 closing connection 98e67ed59e1d1-3613fba1bc9sm1930413a91.10 - gsmtp
[2026-04-18 13:44:35] SMTP: Process completed successfully.
[2026-04-18 13:44:35] Email successfully handed over to server for delivery.
[2026-04-18 13:44:35] Checking for low stock items...
[2026-04-18 13:44:36] Found 18 item(s) running low. Triggering email...
[2026-04-18 13:44:36] SMTP: Connecting to smtp.gmail.com:587...
[2026-04-18 13:44:36] SMTP << 220 smtp.gmail.com ESMTP 98e67ed59e1d1-361410b998fsm5246716a91.13 - gsmtp
[2026-04-18 13:44:36] SMTP >> EHLO localhost
[2026-04-18 13:44:37] SMTP << 250-smtp.gmail.com at your service, [49.43.168.168]
250-SIZE 35882577
250-8BITMIME
250-STARTTLS
250-ENHANCEDSTATUSCODES
250-PIPELINING
250-CHUNKING
250 SMTPUTF8
[2026-04-18 13:44:37] SMTP >> STARTTLS
[2026-04-18 13:44:37] SMTP << 220 2.0.0 Ready to start TLS
[2026-04-18 13:44:37] SMTP: Encryption enabled.
[2026-04-18 13:44:37] SMTP >> EHLO localhost
[2026-04-18 13:44:37] SMTP << 250-smtp.gmail.com at your service, [49.43.168.168]
250-SIZE 35882577
250-8BITMIME
250-AUTH LOGIN PLAIN XOAUTH2 PLAIN-CLIENTTOKEN OAUTHBEARER XOAUTH
250-ENHANCEDSTATUSCODES
250-PIPELINING
250-CHUNKING
250 SMTPUTF8
[2026-04-18 13:44:37] SMTP >> AUTH LOGIN
[2026-04-18 13:44:37] SMTP << 334 VXNlcm5hbWU6
[2026-04-18 13:44:38] SMTP << 334 UGFzc3dvcmQ6
[2026-04-18 13:44:38] SMTP << 235 2.7.0 Accepted
[2026-04-18 13:44:38] SMTP: Authentication successful.
[2026-04-18 13:44:38] SMTP >> MAIL FROM: <championhrithik@gmail.com>
[2026-04-18 13:44:38] SMTP << 250 2.1.0 OK 98e67ed59e1d1-361410b998fsm5246716a91.13 - gsmtp
[2026-04-18 13:44:38] SMTP >> RCPT TO: <stocxpertinventory@gmail.com>
[2026-04-18 13:44:39] SMTP << 250 2.1.5 OK 98e67ed59e1d1-361410b998fsm5246716a91.13 - gsmtp
[2026-04-18 13:44:39] SMTP >> DATA
[2026-04-18 13:44:39] SMTP << 354 Go ahead 98e67ed59e1d1-361410b998fsm5246716a91.13 - gsmtp
[2026-04-18 13:44:39] SMTP << 250 2.0.0 OK  1776519880 98e67ed59e1d1-361410b998fsm5246716a91.13 - gsmtp
[2026-04-18 13:44:39] SMTP >> QUIT
[2026-04-18 13:44:40] SMTP << 221 2.0.0 closing connection 98e67ed59e1d1-361410b998fsm5246716a91.13 - gsmtp
[2026-04-18 13:44:40] SMTP: Process completed successfully.
[2026-04-18 13:44:40] Email successfully handed over to server for delivery.
[2026-04-18 13:45:37] Checking for low stock items...
[2026-04-18 13:45:37] Found 18 item(s) running low. Triggering email...
[2026-04-18 13:45:37] SMTP: Connecting to smtp.gmail.com:587...
[2026-04-18 13:45:38] SMTP << 220 smtp.gmail.com ESMTP 98e67ed59e1d1-3613fb7118esm2712266a91.4 - gsmtp
[2026-04-18 13:45:38] SMTP >> EHLO localhost
[2026-04-18 13:45:38] SMTP << 250-smtp.gmail.com at your service, [49.43.168.168]
250-SIZE 35882577
250-8BITMIME
250-STARTTLS
250-ENHANCEDSTATUSCODES
250-PIPELINING
250-CHUNKING
250 SMTPUTF8
[2026-04-18 13:45:38] SMTP >> STARTTLS
[2026-04-18 13:45:39] SMTP << 220 2.0.0 Ready to start TLS
[2026-04-18 13:45:39] SMTP: Encryption enabled.
[2026-04-18 13:45:39] SMTP >> EHLO localhost
[2026-04-18 13:45:39] SMTP << 250-smtp.gmail.com at your service, [49.43.168.168]
250-SIZE 35882577
250-8BITMIME
250-AUTH LOGIN PLAIN XOAUTH2 PLAIN-CLIENTTOKEN OAUTHBEARER XOAUTH
250-ENHANCEDSTATUSCODES
250-PIPELINING
250-CHUNKING
250 SMTPUTF8
[2026-04-18 13:45:39] SMTP >> AUTH LOGIN
[2026-04-18 13:45:39] SMTP << 334 VXNlcm5hbWU6
[2026-04-18 13:45:40] SMTP << 334 UGFzc3dvcmQ6
[2026-04-18 13:45:40] SMTP << 235 2.7.0 Accepted
[2026-04-18 13:45:40] SMTP: Authentication successful.
[2026-04-18 13:45:40] SMTP >> MAIL FROM: <championhrithik@gmail.com>
[2026-04-18 13:45:40] SMTP << 250 2.1.0 OK 98e67ed59e1d1-3613fb7118esm2712266a91.4 - gsmtp
[2026-04-18 13:45:40] SMTP >> RCPT TO: <stocxpertinventory@gmail.com>
[2026-04-18 13:45:40] SMTP << 250 2.1.5 OK 98e67ed59e1d1-3613fb7118esm2712266a91.4 - gsmtp
[2026-04-18 13:45:40] SMTP >> DATA
[2026-04-18 13:45:41] SMTP << 354 Go ahead 98e67ed59e1d1-3613fb7118esm2712266a91.4 - gsmtp
[2026-04-18 13:45:42] SMTP << 250 2.0.0 OK  1776519942 98e67ed59e1d1-3613fb7118esm2712266a91.4 - gsmtp
[2026-04-18 13:45:42] SMTP >> QUIT
[2026-04-18 13:45:42] SMTP << 221 2.0.0 closing connection 98e67ed59e1d1-3613fb7118esm2712266a91.4 - gsmtp
[2026-04-18 13:45:42] SMTP: Process completed successfully.
[2026-04-18 13:45:42] Email successfully handed over to server for delivery.
[2026-04-18 13:54:21] Checking for low stock items...
[2026-04-18 13:54:21] Found 18 item(s) running low. Triggering email...
[2026-04-18 13:54:21] SMTP: Connecting to smtp.gmail.com:587...
[2026-04-18 13:54:22] SMTP << 220 smtp.gmail.com ESMTP 98e67ed59e1d1-36140fc5d94sm7054533a91.2 - gsmtp
[2026-04-18 13:54:22] SMTP >> EHLO localhost
[2026-04-18 13:54:22] SMTP << 250-smtp.gmail.com at your service, [49.43.168.168]
250-SIZE 35882577
250-8BITMIME
250-STARTTLS
250-ENHANCEDSTATUSCODES
250-PIPELINING
250-CHUNKING
250 SMTPUTF8
[2026-04-18 13:54:22] SMTP >> STARTTLS
[2026-04-18 13:54:23] SMTP << 220 2.0.0 Ready to start TLS
[2026-04-18 13:54:23] SMTP: Encryption enabled.
[2026-04-18 13:54:23] SMTP >> EHLO localhost
[2026-04-18 13:54:23] SMTP << 250-smtp.gmail.com at your service, [49.43.168.168]
250-SIZE 35882577
250-8BITMIME
250-AUTH LOGIN PLAIN XOAUTH2 PLAIN-CLIENTTOKEN OAUTHBEARER XOAUTH
250-ENHANCEDSTATUSCODES
250-PIPELINING
250-CHUNKING
250 SMTPUTF8
[2026-04-18 13:54:23] SMTP >> AUTH LOGIN
[2026-04-18 13:54:24] SMTP << 334 VXNlcm5hbWU6
[2026-04-18 13:54:24] SMTP << 334 UGFzc3dvcmQ6
[2026-04-18 13:54:24] SMTP << 235 2.7.0 Accepted
[2026-04-18 13:54:24] SMTP: Authentication successful.
[2026-04-18 13:54:24] SMTP >> MAIL FROM: <championhrithik@gmail.com>
[2026-04-18 13:54:24] SMTP << 250 2.1.0 OK 98e67ed59e1d1-36140fc5d94sm7054533a91.2 - gsmtp
[2026-04-18 13:54:24] SMTP >> RCPT TO: <stocxpertinventory@gmail.com>
[2026-04-18 13:54:25] SMTP << 250 2.1.5 OK 98e67ed59e1d1-36140fc5d94sm7054533a91.2 - gsmtp
[2026-04-18 13:54:25] SMTP >> DATA
[2026-04-18 13:54:25] SMTP << 354 Go ahead 98e67ed59e1d1-36140fc5d94sm7054533a91.2 - gsmtp
[2026-04-18 13:54:26] SMTP << 250 2.0.0 OK  1776520466 98e67ed59e1d1-36140fc5d94sm7054533a91.2 - gsmtp
[2026-04-18 13:54:26] SMTP >> QUIT
[2026-04-18 13:54:26] SMTP << 221 2.0.0 closing connection 98e67ed59e1d1-36140fc5d94sm7054533a91.2 - gsmtp
[2026-04-18 13:54:26] SMTP: Process completed successfully.
[2026-04-18 13:54:26] Email successfully handed over to server for delivery.
[2026-04-18 21:34:40] Checking for low stock items...
[2026-04-18 21:34:40] Inventory check complete: All items are healthy.
[2026-04-18 21:35:23] Checking for low stock items...
[2026-04-18 21:35:23] Inventory check complete: All items are healthy.
